This file contains any messages produced by compilers while
running configure, to aid debugging if configure makes a mistake.

It was created by configure, which was
generated by GNU Autoconf 2.59.  Invocation command line was

  $ ./configure --prefix=/usr/local --cache-file=/dev/null --srcdir=.

## --------- ##
## Platform. ##
## --------- ##

hostname = ssh-key-research-project.ece.cmu.edu
uname -m = i686
uname -r = 2.6.20-15-server
uname -s = Linux
uname -v = #2 SMP Sun Apr 15 07:41:34 UTC 2007

/usr/bin/uname -p = unknown
/bin/uname -X     = unknown

/bin/arch              = i686
/usr/bin/arch -k       = unknown
/usr/convex/getsysinfo = unknown
hostinfo               = unknown
/bin/machine           = unknown
/usr/bin/oslevel       = unknown
/bin/universe          = unknown

PATH: /usr/local/sbin
PATH: /usr/local/bin
PATH: /usr/sbin
PATH: /usr/bin
PATH: /sbin
PATH: /bin
PATH: /usr/games


## ----------- ##
## Core tests. ##
## ----------- ##

configure:1379: checking for gcc
configure:1395: found /usr/bin/gcc
configure:1405: result: gcc
configure:1649: checking for C compiler version
configure:1652: gcc --version </dev/null >&5
gcc (GCC) 4.1.2 (Ubuntu 4.1.2-0ubuntu4)
Copyright (C) 2006 Free Software Foundation, Inc.
This is free software; see the source for copying conditions.  There is NO
warranty; not even for MERCHANTABILITY or FITNESS FOR A PARTICULAR PURPOSE.

configure:1655: $? = 0
configure:1657: gcc -v </dev/null >&5
Using built-in specs.
Target: i486-linux-gnu
Configured with: ../src/configure -v --enable-languages=c,c++,fortran,objc,obj-c++,treelang --prefix=/usr --enable-shared --with-system-zlib --libexecdir=/usr/lib --without-included-gettext --enable-threads=posix --enable-nls --program-suffix=-4.1 --enable-__cxa_atexit --enable-clocale=gnu --enable-libstdcxx-debug --enable-mpfr --enable-checking=release i486-linux-gnu
Thread model: posix
gcc version 4.1.2 (Ubuntu 4.1.2-0ubuntu4)
configure:1660: $? = 0
configure:1662: gcc -V </dev/null >&5
gcc: '-V' option must have argument
configure:1665: $? = 1
configure:1688: checking for C compiler default output file name
configure:1691: gcc    conftest.c  >&5
configure:1694: $? = 0
configure:1740: result: a.out
configure:1745: checking whether the C compiler works
configure:1751: ./a.out
configure:1754: $? = 0
configure:1771: result: yes
configure:1778: checking whether we are cross compiling
configure:1780: result: no
configure:1783: checking for suffix of executables
configure:1785: gcc -o conftest    conftest.c  >&5
configure:1788: $? = 0
configure:1813: result: 
configure:1819: checking for suffix of object files
configure:1840: gcc -c   conftest.c >&5
configure:1843: $? = 0
configure:1865: result: o
configure:1869: checking whether we are using the GNU C compiler
configure:1893: gcc -c   conftest.c >&5
configure:1899: $? = 0
configure:1903: test -z 
			 || test ! -s conftest.err
configure:1906: $? = 0
configure:1909: test -s conftest.o
configure:1912: $? = 0
configure:1925: result: yes
configure:1931: checking whether gcc accepts -g
configure:1952: gcc -c -g  conftest.c >&5
configure:1958: $? = 0
configure:1962: test -z 
			 || test ! -s conftest.err
configure:1965: $? = 0
configure:1968: test -s conftest.o
configure:1971: $? = 0
configure:1982: result: yes
configure:1999: checking for gcc option to accept ANSI C
configure:2069: gcc  -c -g -O2  conftest.c >&5
configure:2075: $? = 0
configure:2079: test -z 
			 || test ! -s conftest.err
configure:2082: $? = 0
configure:2085: test -s conftest.o
configure:2088: $? = 0
configure:2106: result: none needed
configure:2124: gcc -c -g -O2  conftest.c >&5
conftest.c:2: error: expected '=', ',', ';', 'asm' or '__attribute__' before 'me'
configure:2130: $? = 1
configure: failed program was:
| #ifndef __cplusplus
|   choke me
| #endif
configure:2305: checking for ranlib
configure:2321: found /usr/bin/ranlib
configure:2332: result: ranlib
configure:2359: checking how to run the C preprocessor
configure:2394: gcc -E  conftest.c
configure:2400: $? = 0
configure:2432: gcc -E  conftest.c
conftest.c:9:28: error: ac_nonexistent.h: No such file or directory
configure:2438: $? = 1
configure: failed program was:
| /* confdefs.h.  */
| 
| #define PACKAGE_NAME ""
| #define PACKAGE_TARNAME ""
| #define PACKAGE_VERSION ""
| #define PACKAGE_STRING ""
| #define PACKAGE_BUGREPORT ""
| /* end confdefs.h.  */
| #include <ac_nonexistent.h>
configure:2477: result: gcc -E
configure:2501: gcc -E  conftest.c
configure:2507: $? = 0
configure:2539: gcc -E  conftest.c
conftest.c:9:28: error: ac_nonexistent.h: No such file or directory
configure:2545: $? = 1
configure: failed program was:
| /* confdefs.h.  */
| 
| #define PACKAGE_NAME ""
| #define PACKAGE_TARNAME ""
| #define PACKAGE_VERSION ""
| #define PACKAGE_STRING ""
| #define PACKAGE_BUGREPORT ""
| /* end confdefs.h.  */
| #include <ac_nonexistent.h>
configure:2589: checking for egrep
configure:2599: result: grep -E
configure:2604: checking for ANSI C header files
configure:2629: gcc -c -g -O2  conftest.c >&5
configure:2635: $? = 0
configure:2639: test -z 
			 || test ! -s conftest.err
configure:2642: $? = 0
configure:2645: test -s conftest.o
configure:2648: $? = 0
configure:2737: gcc -o conftest -g -O2   conftest.c  >&5
conftest.c: In function 'main':
conftest.c:26: warning: incompatible implicit declaration of built-in function 'exit'
configure:2740: $? = 0
configure:2742: ./conftest
configure:2745: $? = 0
configure:2760: result: yes
configure:2784: checking for sys/types.h
configure:2800: gcc -c -g -O2  conftest.c >&5
configure:2806: $? = 0
configure:2810: test -z 
			 || test ! -s conftest.err
configure:2813: $? = 0
configure:2816: test -s conftest.o
configure:2819: $? = 0
configure:2830: result: yes
configure:2784: checking for sys/stat.h
configure:2800: gcc -c -g -O2  conftest.c >&5
configure:2806: $? = 0
configure:2810: test -z 
			 || test ! -s conftest.err
configure:2813: $? = 0
configure:2816: test -s conftest.o
configure:2819: $? = 0
configure:2830: result: yes
configure:2784: checking for stdlib.h
configure:2800: gcc -c -g -O2  conftest.c >&5
configure:2806: $? = 0
configure:2810: test -z 
			 || test ! -s conftest.err
configure:2813: $? = 0
configure:2816: test -s conftest.o
configure:2819: $? = 0
configure:2830: result: yes
configure:2784: checking for string.h
configure:2800: gcc -c -g -O2  conftest.c >&5
configure:2806: $? = 0
configure:2810: test -z 
			 || test ! -s conftest.err
configure:2813: $? = 0
configure:2816: test -s conftest.o
configure:2819: $? = 0
configure:2830: result: yes
configure:2784: checking for memory.h
configure:2800: gcc -c -g -O2  conftest.c >&5
configure:2806: $? = 0
configure:2810: test -z 
			 || test ! -s conftest.err
configure:2813: $? = 0
configure:2816: test -s conftest.o
configure:2819: $? = 0
configure:2830: result: yes
configure:2784: checking for strings.h
configure:2800: gcc -c -g -O2  conftest.c >&5
configure:2806: $? = 0
configure:2810: test -z 
			 || test ! -s conftest.err
configure:2813: $? = 0
configure:2816: test -s conftest.o
configure:2819: $? = 0
configure:2830: result: yes
configure:2784: checking for inttypes.h
configure:2800: gcc -c -g -O2  conftest.c >&5
configure:2806: $? = 0
configure:2810: test -z 
			 || test ! -s conftest.err
configure:2813: $? = 0
configure:2816: test -s conftest.o
configure:2819: $? = 0
configure:2830: result: yes
configure:2784: checking for stdint.h
configure:2800: gcc -c -g -O2  conftest.c >&5
configure:2806: $? = 0
configure:2810: test -z 
			 || test ! -s conftest.err
configure:2813: $? = 0
configure:2816: test -s conftest.o
configure:2819: $? = 0
configure:2830: result: yes
configure:2784: checking for unistd.h
configure:2800: gcc -c -g -O2  conftest.c >&5
configure:2806: $? = 0
configure:2810: test -z 
			 || test ! -s conftest.err
configure:2813: $? = 0
configure:2816: test -s conftest.o
configure:2819: $? = 0
configure:2830: result: yes
configure:2856: checking limits.h usability
configure:2868: gcc -c -g -O2  conftest.c >&5
configure:2874: $? = 0
configure:2878: test -z 
			 || test ! -s conftest.err
configure:2881: $? = 0
configure:2884: test -s conftest.o
configure:2887: $? = 0
configure:2897: result: yes
configure:2901: checking limits.h presence
configure:2911: gcc -E  conftest.c
configure:2917: $? = 0
configure:2937: result: yes
configure:2972: checking for limits.h
configure:2979: result: yes
configure:2994: checking for an ANSI C-conforming const
configure:3061: gcc -c -g -O2  conftest.c >&5
configure:3067: $? = 0
configure:3071: test -z 
			 || test ! -s conftest.err
configure:3074: $? = 0
configure:3077: test -s conftest.o
configure:3080: $? = 0
configure:3091: result: yes
configure:3101: checking for size_t
configure:3125: gcc -c -g -O2  conftest.c >&5
configure:3131: $? = 0
configure:3135: test -z 
			 || test ! -s conftest.err
configure:3138: $? = 0
configure:3141: test -s conftest.o
configure:3144: $? = 0
configure:3155: result: yes
configure:3168: checking for long long
configure:3192: gcc -c -g -O2  conftest.c >&5
configure:3198: $? = 0
configure:3202: test -z 
			 || test ! -s conftest.err
configure:3205: $? = 0
configure:3208: test -s conftest.o
configure:3211: $? = 0
configure:3222: result: yes
configure:3235: checking for unsigned long long
configure:3259: gcc -c -g -O2  conftest.c >&5
configure:3265: $? = 0
configure:3269: test -z 
			 || test ! -s conftest.err
configure:3272: $? = 0
configure:3275: test -s conftest.o
configure:3278: $? = 0
configure:3289: result: yes
configure:3314: checking for bcopy
configure:3371: gcc -o conftest -g -O2   conftest.c  >&5
conftest.c:46: warning: conflicting types for built-in function 'bcopy'
configure:3377: $? = 0
configure:3381: test -z 
			 || test ! -s conftest.err
configure:3384: $? = 0
configure:3387: test -s conftest
configure:3390: $? = 0
configure:3402: result: yes
configure:3314: checking for memmove
configure:3371: gcc -o conftest -g -O2   conftest.c  >&5
conftest.c:47: warning: conflicting types for built-in function 'memmove'
configure:3377: $? = 0
configure:3381: test -z 
			 || test ! -s conftest.err
configure:3384: $? = 0
configure:3387: test -s conftest
configure:3390: $? = 0
configure:3402: result: yes
configure:3314: checking for strerror
configure:3371: gcc -o conftest -g -O2   conftest.c  >&5
configure:3377: $? = 0
configure:3381: test -z 
			 || test ! -s conftest.err
configure:3384: $? = 0
configure:3387: test -s conftest
configure:3390: $? = 0
configure:3402: result: yes
configure:3314: checking for strtoq
configure:3371: gcc -o conftest -g -O2   conftest.c  >&5
configure:3377: $? = 0
configure:3381: test -z 
			 || test ! -s conftest.err
configure:3384: $? = 0
configure:3387: test -s conftest
configure:3390: $? = 0
configure:3402: result: yes
configure:3314: checking for strtoll
configure:3371: gcc -o conftest -g -O2   conftest.c  >&5
configure:3377: $? = 0
configure:3381: test -z 
			 || test ! -s conftest.err
configure:3384: $? = 0
configure:3387: test -s conftest
configure:3390: $? = 0
configure:3402: result: yes
configure:3556: checking build system type
configure:3574: result: i686-pc-linux-gnu
configure:3582: checking host system type
configure:3596: result: i686-pc-linux-gnu
configure:3747: creating ./config.status

## ---------------------- ##
## Running config.status. ##
## ---------------------- ##

This file was extended by config.status, which was
generated by GNU Autoconf 2.59.  Invocation command line was

  CONFIG_FILES    = 
  CONFIG_HEADERS  = 
  CONFIG_LINKS    = 
  CONFIG_COMMANDS = 
  $ ./config.status 

on ssh-key-research-project.ece.cmu.edu

config.status:675: creating Makefile
config.status:778: creating config.h

## ---------------- ##
## Cache variables. ##
## ---------------- ##

ac_cv_build=i686-pc-linux-gnu
ac_cv_build_alias=i686-pc-linux-gnu
ac_cv_c_compiler_gnu=yes
ac_cv_c_const=yes
ac_cv_env_CC_set=
ac_cv_env_CC_value=
ac_cv_env_CFLAGS_set=
ac_cv_env_CFLAGS_value=
ac_cv_env_CPPFLAGS_set=
ac_cv_env_CPPFLAGS_value=
ac_cv_env_CPP_set=
ac_cv_env_CPP_value=
ac_cv_env_LDFLAGS_set=
ac_cv_env_LDFLAGS_value=
ac_cv_env_build_alias_set=
ac_cv_env_build_alias_value=
ac_cv_env_host_alias_set=
ac_cv_env_host_alias_value=
ac_cv_env_target_alias_set=
ac_cv_env_target_alias_value=
ac_cv_exeext=
ac_cv_func_bcopy=yes
ac_cv_func_memmove=yes
ac_cv_func_strerror=yes
ac_cv_func_strtoll=yes
ac_cv_func_strtoq=yes
ac_cv_header_inttypes_h=yes
ac_cv_header_limits_h=yes
ac_cv_header_memory_h=yes
ac_cv_header_stdc=yes
ac_cv_header_stdint_h=yes
ac_cv_header_stdlib_h=yes
ac_cv_header_string_h=yes
ac_cv_header_strings_h=yes
ac_cv_header_sys_stat_h=yes
ac_cv_header_sys_types_h=yes
ac_cv_header_unistd_h=yes
ac_cv_host=i686-pc-linux-gnu
ac_cv_host_alias=i686-pc-linux-gnu
ac_cv_objext=o
ac_cv_prog_CPP='gcc -E'
ac_cv_prog_ac_ct_CC=gcc
ac_cv_prog_ac_ct_RANLIB=ranlib
ac_cv_prog_cc_g=yes
ac_cv_prog_cc_stdc=
ac_cv_prog_egrep='grep -E'
ac_cv_type_long_long=yes
ac_cv_type_size_t=yes
ac_cv_type_unsigned_long_long=yes

## ----------------- ##
## Output variables. ##
## ----------------- ##

BUILD_EXEEXT='$(EXEEXT)'
BUILD_OBJEXT='$(OBJEXT)'
CC='gcc'
CC_FOR_BUILD='$(CC)'
CFLAGS='-g -O2'
CFLAGS_FOR_BUILD='$(CFLAGS)'
CPP='gcc -E'
CPPFLAGS=''
CXXLDFLAGS=''
DEFS='-DHAVE_CONFIG_H'
EBCDIC=''
ECHO_C=''
ECHO_N='-n'
ECHO_T=''
EGREP='grep -E'
EXEEXT=''
HAVE_MEMMOVE=''
HAVE_STRERROR=''
LDFLAGS=''
LIBOBJS=''
LIBS=''
LINK_SIZE=''
LTLIBOBJS=''
MATCH_LIMIT=''
MATCH_LIMIT_RECURSION=''
NEWLINE=''
NO_RECURSE=''
OBJEXT='o'
PACKAGE_BUGREPORT=''
PACKAGE_NAME=''
PACKAGE_STRING=''
PACKAGE_TARNAME=''
PACKAGE_VERSION=''
PATH_SEPARATOR=':'
PCRE_LIB_VERSION='0:1:0'
PCRE_POSIXLIB_VERSION='0:0:0'
PCRE_VERSION='6.7'
POSIX_LIB=''
POSIX_LOBJ=''
POSIX_MALLOC_THRESHOLD='-DPOSIX_MALLOC_THRESHOLD=10'
POSIX_OBJ=''
RANLIB='ranlib'
SHELL='/bin/bash'
UCP=''
UTF8=''
ac_ct_CC='gcc'
ac_ct_RANLIB='ranlib'
bindir='${exec_prefix}/bin'
build='i686-pc-linux-gnu'
build_alias=''
build_cpu='i686'
build_os='linux-gnu'
build_vendor='pc'
datadir='${prefix}/share'
exec_prefix='${prefix}'
host='i686-pc-linux-gnu'
host_alias=''
host_cpu='i686'
host_os='linux-gnu'
host_vendor='pc'
includedir='${prefix}/include'
infodir='${prefix}/info'
libdir='${exec_prefix}/lib'
libexecdir='${exec_prefix}/libexec'
localstatedir='${prefix}/var'
mandir='${prefix}/man'
oldincludedir='/usr/include'
pcre_have_long_long='1'
pcre_have_ulong_long='1'
prefix='/usr/local'
program_transform_name='s,x,x,'
sbindir='${exec_prefix}/sbin'
sharedstatedir='${prefix}/com'
sysconfdir='${prefix}/etc'
target_alias=''

## ----------- ##
## confdefs.h. ##
## ----------- ##

#define HAVE_BCOPY 1
#define HAVE_INTTYPES_H 1
#define HAVE_LIMITS_H 1
#define HAVE_LONG_LONG 1
#define HAVE_MEMMOVE 1
#define HAVE_MEMORY_H 1
#define HAVE_STDINT_H 1
#define HAVE_STDLIB_H 1
#define HAVE_STRERROR 1
#define HAVE_STRINGS_H 1
#define HAVE_STRING_H 1
#define HAVE_STRTOLL 1
#define HAVE_STRTOQ 1
#define HAVE_SYS_STAT_H 1
#define HAVE_SYS_TYPES_H 1
#define HAVE_UNISTD_H 1
#define HAVE_UNSIGNED_LONG_LONG 1
#define PACKAGE_BUGREPORT ""
#define PACKAGE_NAME ""
#define PACKAGE_STRING ""
#define PACKAGE_TARNAME ""
#define PACKAGE_VERSION ""
#define STDC_HEADERS 1

configure: exit 0
