This file contains any messages produced by compilers while
running configure, to aid debugging if configure makes a mistake.

It was created by configure, which was
generated by GNU Autoconf 2.59.  Invocation command line was

  $ ./configure --prefix=/usr/local --cache-file=/dev/null --srcdir=.

## --------- ##
## Platform. ##
## --------- ##

hostname = ssh-key-research-project.ece.cmu.edu
uname -m = i686
uname -r = 2.6.20-15-server
uname -s = Linux
uname -v = #2 SMP Sun Apr 15 07:41:34 UTC 2007

/usr/bin/uname -p = unknown
/bin/uname -X     = unknown

/bin/arch              = i686
/usr/bin/arch -k       = unknown
/usr/convex/getsysinfo = unknown
hostinfo               = unknown
/bin/machine           = unknown
/usr/bin/oslevel       = unknown
/bin/universe          = unknown

PATH: /usr/local/sbin
PATH: /usr/local/bin
PATH: /usr/sbin
PATH: /usr/bin
PATH: /sbin
PATH: /bin
PATH: /usr/games


## ----------- ##
## Core tests. ##
## ----------- ##

configure:1375: checking for gcc
configure:1391: found /usr/bin/gcc
configure:1401: result: gcc
configure:1645: checking for C compiler version
configure:1648: gcc --version </dev/null >&5
gcc (GCC) 4.1.2 (Ubuntu 4.1.2-0ubuntu4)
Copyright (C) 2006 Free Software Foundation, Inc.
This is free software; see the source for copying conditions.  There is NO
warranty; not even for MERCHANTABILITY or FITNESS FOR A PARTICULAR PURPOSE.

configure:1651: $? = 0
configure:1653: gcc -v </dev/null >&5
Using built-in specs.
Target: i486-linux-gnu
Configured with: ../src/configure -v --enable-languages=c,c++,fortran,objc,obj-c++,treelang --prefix=/usr --enable-shared --with-system-zlib --libexecdir=/usr/lib --without-included-gettext --enable-threads=posix --enable-nls --program-suffix=-4.1 --enable-__cxa_atexit --enable-clocale=gnu --enable-libstdcxx-debug --enable-mpfr --enable-checking=release i486-linux-gnu
Thread model: posix
gcc version 4.1.2 (Ubuntu 4.1.2-0ubuntu4)
configure:1656: $? = 0
configure:1658: gcc -V </dev/null >&5
gcc: '-V' option must have argument
configure:1661: $? = 1
configure:1684: checking for C compiler default output file name
configure:1687: gcc    conftest.c  >&5
configure:1690: $? = 0
configure:1736: result: a.out
configure:1741: checking whether the C compiler works
configure:1747: ./a.out
configure:1750: $? = 0
configure:1767: result: yes
configure:1774: checking whether we are cross compiling
configure:1776: result: no
configure:1779: checking for suffix of executables
configure:1781: gcc -o conftest    conftest.c  >&5
configure:1784: $? = 0
configure:1809: result: 
configure:1815: checking for suffix of object files
configure:1836: gcc -c   conftest.c >&5
configure:1839: $? = 0
configure:1861: result: o
configure:1865: checking whether we are using the GNU C compiler
configure:1889: gcc -c   conftest.c >&5
configure:1895: $? = 0
configure:1899: test -z 
			 || test ! -s conftest.err
configure:1902: $? = 0
configure:1905: test -s conftest.o
configure:1908: $? = 0
configure:1921: result: yes
configure:1927: checking whether gcc accepts -g
configure:1948: gcc -c -g  conftest.c >&5
configure:1954: $? = 0
configure:1958: test -z 
			 || test ! -s conftest.err
configure:1961: $? = 0
configure:1964: test -s conftest.o
configure:1967: $? = 0
configure:1978: result: yes
configure:1995: checking for gcc option to accept ANSI C
configure:2065: gcc  -c -g -O2  conftest.c >&5
configure:2071: $? = 0
configure:2075: test -z 
			 || test ! -s conftest.err
configure:2078: $? = 0
configure:2081: test -s conftest.o
configure:2084: $? = 0
configure:2102: result: none needed
configure:2120: gcc -c -g -O2  conftest.c >&5
conftest.c:2: error: expected '=', ',', ';', 'asm' or '__attribute__' before 'me'
configure:2126: $? = 1
configure: failed program was:
| #ifndef __cplusplus
|   choke me
| #endif
configure:2303: checking for ranlib
configure:2319: found /usr/bin/ranlib
configure:2330: result: ranlib
configure:2377: checking build system type
configure:2395: result: i686-pc-linux-gnu
configure:2403: checking host system type
configure:2417: result: i686-pc-linux-gnu
configure:2427: checking for gethostent
configure:2484: gcc -o conftest -g -O2 -Wall    conftest.c  >&5
configure:2490: $? = 0
configure:2494: test -z 
			 || test ! -s conftest.err
configure:2497: $? = 0
configure:2500: test -s conftest
configure:2503: $? = 0
configure:2515: result: yes
configure:2597: checking for setsockopt
configure:2654: gcc -o conftest -g -O2 -Wall    conftest.c  >&5
configure:2660: $? = 0
configure:2664: test -z 
			 || test ! -s conftest.err
configure:2667: $? = 0
configure:2670: test -s conftest
configure:2673: $? = 0
configure:2685: result: yes
configure:2767: checking for nanosleep
configure:2824: gcc -o conftest -g -O2 -Wall    conftest.c  >&5
configure:2830: $? = 0
configure:2834: test -z 
			 || test ! -s conftest.err
configure:2837: $? = 0
configure:2840: test -s conftest
configure:2843: $? = 0
configure:2855: result: yes
configure:2942: checking how to run the C preprocessor
configure:2977: gcc -E  conftest.c
configure:2983: $? = 0
configure:3015: gcc -E  conftest.c
conftest.c:9:28: error: ac_nonexistent.h: No such file or directory
configure:3021: $? = 1
configure: failed program was:
| /* confdefs.h.  */
| 
| #define PACKAGE_NAME ""
| #define PACKAGE_TARNAME ""
| #define PACKAGE_VERSION ""
| #define PACKAGE_STRING ""
| #define PACKAGE_BUGREPORT ""
| /* end confdefs.h.  */
| #include <ac_nonexistent.h>
configure:3060: result: gcc -E
configure:3084: gcc -E  conftest.c
configure:3090: $? = 0
configure:3122: gcc -E  conftest.c
conftest.c:9:28: error: ac_nonexistent.h: No such file or directory
configure:3128: $? = 1
configure: failed program was:
| /* confdefs.h.  */
| 
| #define PACKAGE_NAME ""
| #define PACKAGE_TARNAME ""
| #define PACKAGE_VERSION ""
| #define PACKAGE_STRING ""
| #define PACKAGE_BUGREPORT ""
| /* end confdefs.h.  */
| #include <ac_nonexistent.h>
configure:3172: checking for egrep
configure:3182: result: grep -E
configure:3187: checking for ANSI C header files
configure:3212: gcc -c -g -O2 -Wall   conftest.c >&5
configure:3218: $? = 0
configure:3222: test -z 
			 || test ! -s conftest.err
configure:3225: $? = 0
configure:3228: test -s conftest.o
configure:3231: $? = 0
configure:3320: gcc -o conftest -g -O2 -Wall    conftest.c  >&5
conftest.c: In function 'main':
conftest.c:26: warning: implicit declaration of function 'exit'
conftest.c:26: warning: incompatible implicit declaration of built-in function 'exit'
configure:3323: $? = 0
configure:3325: ./conftest
configure:3328: $? = 0
configure:3343: result: yes
configure:3417: checking for sys/types.h
configure:3433: gcc -c -g -O2 -Wall  -I../../nbase  conftest.c >&5
configure:3439: $? = 0
configure:3443: test -z 
			 || test ! -s conftest.err
configure:3446: $? = 0
configure:3449: test -s conftest.o
configure:3452: $? = 0
configure:3463: result: yes
configure:3417: checking for sys/stat.h
configure:3433: gcc -c -g -O2 -Wall  -I../../nbase  conftest.c >&5
configure:3439: $? = 0
configure:3443: test -z 
			 || test ! -s conftest.err
configure:3446: $? = 0
configure:3449: test -s conftest.o
configure:3452: $? = 0
configure:3463: result: yes
configure:3417: checking for stdlib.h
configure:3433: gcc -c -g -O2 -Wall  -I../../nbase  conftest.c >&5
configure:3439: $? = 0
configure:3443: test -z 
			 || test ! -s conftest.err
configure:3446: $? = 0
configure:3449: test -s conftest.o
configure:3452: $? = 0
configure:3463: result: yes
configure:3417: checking for string.h
configure:3433: gcc -c -g -O2 -Wall  -I../../nbase  conftest.c >&5
configure:3439: $? = 0
configure:3443: test -z 
			 || test ! -s conftest.err
configure:3446: $? = 0
configure:3449: test -s conftest.o
configure:3452: $? = 0
configure:3463: result: yes
configure:3417: checking for memory.h
configure:3433: gcc -c -g -O2 -Wall  -I../../nbase  conftest.c >&5
configure:3439: $? = 0
configure:3443: test -z 
			 || test ! -s conftest.err
configure:3446: $? = 0
configure:3449: test -s conftest.o
configure:3452: $? = 0
configure:3463: result: yes
configure:3417: checking for strings.h
configure:3433: gcc -c -g -O2 -Wall  -I../../nbase  conftest.c >&5
configure:3439: $? = 0
configure:3443: test -z 
			 || test ! -s conftest.err
configure:3446: $? = 0
configure:3449: test -s conftest.o
configure:3452: $? = 0
configure:3463: result: yes
configure:3417: checking for inttypes.h
configure:3433: gcc -c -g -O2 -Wall  -I../../nbase  conftest.c >&5
configure:3439: $? = 0
configure:3443: test -z 
			 || test ! -s conftest.err
configure:3446: $? = 0
configure:3449: test -s conftest.o
configure:3452: $? = 0
configure:3463: result: yes
configure:3417: checking for stdint.h
configure:3433: gcc -c -g -O2 -Wall  -I../../nbase  conftest.c >&5
configure:3439: $? = 0
configure:3443: test -z 
			 || test ! -s conftest.err
configure:3446: $? = 0
configure:3449: test -s conftest.o
configure:3452: $? = 0
configure:3463: result: yes
configure:3417: checking for unistd.h
configure:3433: gcc -c -g -O2 -Wall  -I../../nbase  conftest.c >&5
configure:3439: $? = 0
configure:3443: test -z 
			 || test ! -s conftest.err
configure:3446: $? = 0
configure:3449: test -s conftest.o
configure:3452: $? = 0
configure:3463: result: yes
configure:3485: checking openssl/ssl.h usability
configure:3497: gcc -c -g -O2 -Wall  -I../../nbase  conftest.c >&5
configure:3503: $? = 0
configure:3507: test -z 
			 || test ! -s conftest.err
configure:3510: $? = 0
configure:3513: test -s conftest.o
configure:3516: $? = 0
configure:3526: result: yes
configure:3530: checking openssl/ssl.h presence
configure:3540: gcc -E  conftest.c
configure:3546: $? = 0
configure:3566: result: yes
configure:3601: checking for openssl/ssl.h
configure:3608: result: yes
configure:3635: checking openssl/err.h usability
configure:3647: gcc -c -g -O2 -Wall  -I../../nbase  conftest.c >&5
configure:3653: $? = 0
configure:3657: test -z 
			 || test ! -s conftest.err
configure:3660: $? = 0
configure:3663: test -s conftest.o
configure:3666: $? = 0
configure:3676: result: yes
configure:3680: checking openssl/err.h presence
configure:3690: gcc -E  conftest.c
configure:3696: $? = 0
configure:3716: result: yes
configure:3751: checking for openssl/err.h
configure:3758: result: yes
configure:3786: checking openssl/rand.h usability
configure:3798: gcc -c -g -O2 -Wall  -I../../nbase  conftest.c >&5
configure:3804: $? = 0
configure:3808: test -z 
			 || test ! -s conftest.err
configure:3811: $? = 0
configure:3814: test -s conftest.o
configure:3817: $? = 0
configure:3827: result: yes
configure:3831: checking openssl/rand.h presence
configure:3841: gcc -E  conftest.c
configure:3847: $? = 0
configure:3867: result: yes
configure:3902: checking for openssl/rand.h
configure:3909: result: yes
configure:3928: checking for BIO_int_ctrl in -lcrypto
configure:3958: gcc -o conftest -g -O2 -Wall  -I../../nbase   -L../../nbase conftest.c -lcrypto   >&5
configure:3964: $? = 0
configure:3968: test -z 
			 || test ! -s conftest.err
configure:3971: $? = 0
configure:3974: test -s conftest
configure:3977: $? = 0
configure:3990: result: yes
configure:4009: checking for SSL_new in -lssl
configure:4039: gcc -o conftest -g -O2 -Wall  -I../../nbase   -L../../nbase conftest.c -lssl  -lcrypto  >&5
configure:4045: $? = 0
configure:4049: test -z 
			 || test ! -s conftest.err
configure:4052: $? = 0
configure:4055: test -s conftest
configure:4058: $? = 0
configure:4071: result: yes
configure:4099: checking struct ip
configure:4120: gcc -c -g -O2 -Wall  -I../../nbase  conftest.c >&5
conftest.c: In function 'main':
conftest.c:29: warning: unused variable 'ip'
configure:4126: $? = 0
configure:4130: test -z 
			 || test ! -s conftest.err
configure:4133: $? = 0
configure:4136: test -s conftest.o
configure:4139: $? = 0
configure:4141: result: yes
configure:4157: checking ip_v in struct ip
configure:4178: gcc -c -g -O2 -Wall  -I../../nbase  conftest.c >&5
conftest.c: In function 'main':
conftest.c:30: warning: statement with no effect
configure:4184: $? = 0
configure:4188: test -z 
			 || test ! -s conftest.err
configure:4191: $? = 0
configure:4194: test -s conftest.o
configure:4197: $? = 0
configure:4199: result: yes
configure:4280: checking if sockaddr{} has sa_len member
configure:4303: gcc -c -g -O2 -Wall  -I../../nbase  conftest.c >&5
conftest.c: In function 'main':
conftest.c:29: error: 'struct sockaddr' has no member named 'sa_len'
conftest.c:29: warning: unused variable 'i'
configure:4309: $? = 1
configure: failed program was:
| /* confdefs.h.  */
| 
| #define PACKAGE_NAME ""
| #define PACKAGE_TARNAME ""
| #define PACKAGE_VERSION ""
| #define PACKAGE_STRING ""
| #define PACKAGE_BUGREPORT ""
| #define STDC_HEADERS 1
| #define HAVE_SYS_TYPES_H 1
| #define HAVE_SYS_STAT_H 1
| #define HAVE_STDLIB_H 1
| #define HAVE_STRING_H 1
| #define HAVE_MEMORY_H 1
| #define HAVE_STRINGS_H 1
| #define HAVE_INTTYPES_H 1
| #define HAVE_STDINT_H 1
| #define HAVE_UNISTD_H 1
| #define HAVE_LIBCRYPTO 1
| #define HAVE_LIBSSL 1
| #define HAVE_OPENSSL 1
| #define BSD_NETWORKING 1
| /* end confdefs.h.  */
| 
| #               include <sys/types.h>
| #               include <sys/socket.h>
| int
| main ()
| {
| unsigned int i = sizeof(((struct sockaddr *)0)->sa_len)
|   ;
|   return 0;
| }
configure:4333: result: no
configure:4342: checking if struct icmp exists
configure:4372: gcc -c -g -O2 -Wall  -I../../nbase  conftest.c >&5
conftest.c:28:1: warning: "__USE_BSD" redefined
In file included from /usr/include/sys/types.h:27,
                 from conftest.c:24:
/usr/include/features.h:258:1: warning: this is the location of the previous definition
conftest.c: In function 'main':
conftest.c:36: warning: unused variable 'i'
configure:4378: $? = 0
configure:4382: test -z 
			 || test ! -s conftest.err
configure:4385: $? = 0
configure:4388: test -s conftest.o
configure:4391: $? = 0
configure:4402: result: yes
configure:4411: checking if struct ip exists
configure:4440: gcc -c -g -O2 -Wall  -I../../nbase  conftest.c >&5
conftest.c:29:1: warning: "__USE_BSD" redefined
In file included from /usr/include/sys/types.h:27,
                 from conftest.c:25:
/usr/include/features.h:258:1: warning: this is the location of the previous definition
conftest.c: In function 'main':
conftest.c:36: warning: unused variable 'i'
configure:4446: $? = 0
configure:4450: test -z 
			 || test ! -s conftest.err
configure:4453: $? = 0
configure:4456: test -s conftest.o
configure:4459: $? = 0
configure:4470: result: yes
configure:4479: checking if struct ip has ip_sum member
configure:4509: gcc -c -g -O2 -Wall  -I../../nbase  conftest.c >&5
conftest.c:30:1: warning: "__USE_BSD" redefined
In file included from /usr/include/sys/types.h:27,
                 from conftest.c:26:
/usr/include/features.h:258:1: warning: this is the location of the previous definition
conftest.c: In function 'main':
conftest.c:38: warning: unused variable 'i'
configure:4515: $? = 0
configure:4519: test -z 
			 || test ! -s conftest.err
configure:4522: $? = 0
configure:4525: test -s conftest.o
configure:4528: $? = 0
configure:4539: result: yes
configure:4644: creating ./config.status

## ---------------------- ##
## Running config.status. ##
## ---------------------- ##

This file was extended by config.status, which was
generated by GNU Autoconf 2.59.  Invocation command line was

  CONFIG_FILES    = 
  CONFIG_HEADERS  = 
  CONFIG_LINKS    = 
  CONFIG_COMMANDS = 
  $ ./config.status 

on ssh-key-research-project.ece.cmu.edu

config.status:655: creating Makefile
config.status:758: creating nsock_config.h

## ---------------- ##
## Cache variables. ##
## ---------------- ##

ac_cv_build=i686-pc-linux-gnu
ac_cv_build_alias=i686-pc-linux-gnu
ac_cv_c_compiler_gnu=yes
ac_cv_env_CC_set=
ac_cv_env_CC_value=
ac_cv_env_CFLAGS_set=
ac_cv_env_CFLAGS_value=
ac_cv_env_CPPFLAGS_set=
ac_cv_env_CPPFLAGS_value=
ac_cv_env_CPP_set=
ac_cv_env_CPP_value=
ac_cv_env_LDFLAGS_set=
ac_cv_env_LDFLAGS_value=
ac_cv_env_build_alias_set=
ac_cv_env_build_alias_value=
ac_cv_env_host_alias_set=
ac_cv_env_host_alias_value=
ac_cv_env_target_alias_set=
ac_cv_env_target_alias_value=
ac_cv_exeext=
ac_cv_func_gethostent=yes
ac_cv_func_nanosleep=yes
ac_cv_func_setsockopt=yes
ac_cv_header_inttypes_h=yes
ac_cv_header_memory_h=yes
ac_cv_header_openssl_err_h=yes
ac_cv_header_openssl_rand_h=yes
ac_cv_header_openssl_ssl_h=yes
ac_cv_header_stdc=yes
ac_cv_header_stdint_h=yes
ac_cv_header_stdlib_h=yes
ac_cv_header_string_h=yes
ac_cv_header_strings_h=yes
ac_cv_header_sys_stat_h=yes
ac_cv_header_sys_types_h=yes
ac_cv_header_unistd_h=yes
ac_cv_host=i686-pc-linux-gnu
ac_cv_host_alias=i686-pc-linux-gnu
ac_cv_ip_has_ip_sum=yes
ac_cv_lib_crypto_BIO_int_ctrl=yes
ac_cv_lib_ssl_SSL_new=yes
ac_cv_objext=o
ac_cv_prog_CPP='gcc -E'
ac_cv_prog_ac_ct_CC=gcc
ac_cv_prog_ac_ct_RANLIB=ranlib
ac_cv_prog_cc_g=yes
ac_cv_prog_cc_stdc=
ac_cv_prog_egrep='grep -E'
ac_cv_sockaddr_has_sa_len=no
ac_cv_struct_icmp_exists=yes
ac_cv_struct_ip_exists=yes

## ----------------- ##
## Output variables. ##
## ----------------- ##

CC='gcc'
CFLAGS='-g -O2 -Wall  -I../../nbase'
COMPAT_OBJS=''
COMPAT_SRCS=''
CPP='gcc -E'
CPPFLAGS=''
DEFS='-DHAVE_CONFIG_H'
ECHO_C=''
ECHO_N='-n'
ECHO_T=''
EGREP='grep -E'
EXEEXT=''
LDFLAGS=' -L../../nbase'
LIBNBASE_LIBS=' -lnbase'
LIBOBJS=''
LIBS='-lssl -lcrypto '
LTLIBOBJS=''
NBASEDIR='../../nbase'
OBJEXT='o'
PACKAGE_BUGREPORT=''
PACKAGE_NAME=''
PACKAGE_STRING=''
PACKAGE_TARNAME=''
PACKAGE_VERSION=''
PATH_SEPARATOR=':'
RANLIB='ranlib'
SHELL='/bin/bash'
ac_ct_CC='gcc'
ac_ct_RANLIB='ranlib'
bindir='${exec_prefix}/bin'
build='i686-pc-linux-gnu'
build_alias=''
build_cpu='i686'
build_os='linux-gnu'
build_vendor='pc'
datadir='${prefix}/share'
exec_prefix='${prefix}'
host='i686-pc-linux-gnu'
host_alias=''
host_cpu='i686'
host_os='linux-gnu'
host_vendor='pc'
includedir='${prefix}/include'
infodir='${prefix}/info'
libdir='${exec_prefix}/lib'
libexecdir='${exec_prefix}/libexec'
localstatedir='${prefix}/var'
mandir='${prefix}/man'
oldincludedir='/usr/include'
prefix='/usr/local'
program_transform_name='s,x,x,'
sbindir='${exec_prefix}/sbin'
sharedstatedir='${prefix}/com'
sysconfdir='${prefix}/etc'
target_alias=''

## ----------- ##
## confdefs.h. ##
## ----------- ##

#define BSD_NETWORKING 1
#define HAVE_INTTYPES_H 1
#define HAVE_IP_IP_SUM 1
#define HAVE_LIBCRYPTO 1
#define HAVE_LIBSSL 1
#define HAVE_MEMORY_H 1
#define HAVE_OPENSSL 1
#define HAVE_STDINT_H 1
#define HAVE_STDLIB_H 1
#define HAVE_STRINGS_H 1
#define HAVE_STRING_H 1
#define HAVE_STRUCT_ICMP 1
#define HAVE_STRUCT_IP 1
#define HAVE_SYS_STAT_H 1
#define HAVE_SYS_TYPES_H 1
#define HAVE_UNISTD_H 1
#define PACKAGE_BUGREPORT ""
#define PACKAGE_NAME ""
#define PACKAGE_STRING ""
#define PACKAGE_TARNAME ""
#define PACKAGE_VERSION ""
#define STDC_HEADERS 1

configure: exit 0
