This file contains any messages produced by compilers while
running configure, to aid debugging if configure makes a mistake.

It was created by configure, which was
generated by GNU Autoconf 2.59.  Invocation command line was

  $ ./configure 

## --------- ##
## Platform. ##
## --------- ##

hostname = ssh-key-research-project.ece.cmu.edu
uname -m = i686
uname -r = 2.6.20-15-server
uname -s = Linux
uname -v = #2 SMP Sun Apr 15 07:41:34 UTC 2007

/usr/bin/uname -p = unknown
/bin/uname -X     = unknown

/bin/arch              = i686
/usr/bin/arch -k       = unknown
/usr/convex/getsysinfo = unknown
hostinfo               = unknown
/bin/machine           = unknown
/usr/bin/oslevel       = unknown
/bin/universe          = unknown

PATH: /usr/local/sbin
PATH: /usr/local/bin
PATH: /usr/sbin
PATH: /usr/bin
PATH: /sbin
PATH: /bin
PATH: /usr/games


## ----------- ##
## Core tests. ##
## ----------- ##

configure:1399: checking for gcc
configure:1415: found /usr/bin/gcc
configure:1425: result: gcc
configure:1669: checking for C compiler version
configure:1672: gcc --version </dev/null >&5
gcc (GCC) 4.1.2 (Ubuntu 4.1.2-0ubuntu4)
Copyright (C) 2006 Free Software Foundation, Inc.
This is free software; see the source for copying conditions.  There is NO
warranty; not even for MERCHANTABILITY or FITNESS FOR A PARTICULAR PURPOSE.

configure:1675: $? = 0
configure:1677: gcc -v </dev/null >&5
Using built-in specs.
Target: i486-linux-gnu
Configured with: ../src/configure -v --enable-languages=c,c++,fortran,objc,obj-c++,treelang --prefix=/usr --enable-shared --with-system-zlib --libexecdir=/usr/lib --without-included-gettext --enable-threads=posix --enable-nls --program-suffix=-4.1 --enable-__cxa_atexit --enable-clocale=gnu --enable-libstdcxx-debug --enable-mpfr --enable-checking=release i486-linux-gnu
Thread model: posix
gcc version 4.1.2 (Ubuntu 4.1.2-0ubuntu4)
configure:1680: $? = 0
configure:1682: gcc -V </dev/null >&5
gcc: '-V' option must have argument
configure:1685: $? = 1
configure:1708: checking for C compiler default output file name
configure:1711: gcc    conftest.c  >&5
configure:1714: $? = 0
configure:1760: result: a.out
configure:1765: checking whether the C compiler works
configure:1771: ./a.out
configure:1774: $? = 0
configure:1791: result: yes
configure:1798: checking whether we are cross compiling
configure:1800: result: no
configure:1803: checking for suffix of executables
configure:1805: gcc -o conftest    conftest.c  >&5
configure:1808: $? = 0
configure:1833: result: 
configure:1839: checking for suffix of object files
configure:1860: gcc -c   conftest.c >&5
configure:1863: $? = 0
configure:1885: result: o
configure:1889: checking whether we are using the GNU C compiler
configure:1913: gcc -c   conftest.c >&5
configure:1919: $? = 0
configure:1923: test -z 
			 || test ! -s conftest.err
configure:1926: $? = 0
configure:1929: test -s conftest.o
configure:1932: $? = 0
configure:1945: result: yes
configure:1951: checking whether gcc accepts -g
configure:1972: gcc -c -g  conftest.c >&5
configure:1978: $? = 0
configure:1982: test -z 
			 || test ! -s conftest.err
configure:1985: $? = 0
configure:1988: test -s conftest.o
configure:1991: $? = 0
configure:2002: result: yes
configure:2019: checking for gcc option to accept ANSI C
configure:2089: gcc  -c -g -O2  conftest.c >&5
configure:2095: $? = 0
configure:2099: test -z 
			 || test ! -s conftest.err
configure:2102: $? = 0
configure:2105: test -s conftest.o
configure:2108: $? = 0
configure:2126: result: none needed
configure:2144: gcc -c -g -O2  conftest.c >&5
conftest.c:2: error: expected '=', ',', ';', 'asm' or '__attribute__' before 'me'
configure:2150: $? = 1
configure: failed program was:
| #ifndef __cplusplus
|   choke me
| #endif
configure:2335: checking for g++
configure:2351: found /usr/bin/g++
configure:2361: result: g++
configure:2377: checking for C++ compiler version
configure:2380: g++ --version </dev/null >&5
g++ (GCC) 4.1.2 (Ubuntu 4.1.2-0ubuntu4)
Copyright (C) 2006 Free Software Foundation, Inc.
This is free software; see the source for copying conditions.  There is NO
warranty; not even for MERCHANTABILITY or FITNESS FOR A PARTICULAR PURPOSE.

configure:2383: $? = 0
configure:2385: g++ -v </dev/null >&5
Using built-in specs.
Target: i486-linux-gnu
Configured with: ../src/configure -v --enable-languages=c,c++,fortran,objc,obj-c++,treelang --prefix=/usr --enable-shared --with-system-zlib --libexecdir=/usr/lib --without-included-gettext --enable-threads=posix --enable-nls --program-suffix=-4.1 --enable-__cxa_atexit --enable-clocale=gnu --enable-libstdcxx-debug --enable-mpfr --enable-checking=release i486-linux-gnu
Thread model: posix
gcc version 4.1.2 (Ubuntu 4.1.2-0ubuntu4)
configure:2388: $? = 0
configure:2390: g++ -V </dev/null >&5
g++: '-V' option must have argument
configure:2393: $? = 1
configure:2396: checking whether we are using the GNU C++ compiler
configure:2420: g++ -c   conftest.cc >&5
configure:2426: $? = 0
configure:2430: test -z 
			 || test ! -s conftest.err
configure:2433: $? = 0
configure:2436: test -s conftest.o
configure:2439: $? = 0
configure:2452: result: yes
configure:2458: checking whether g++ accepts -g
configure:2479: g++ -c -g  conftest.cc >&5
configure:2485: $? = 0
configure:2489: test -z 
			 || test ! -s conftest.err
configure:2492: $? = 0
configure:2495: test -s conftest.o
configure:2498: $? = 0
configure:2509: result: yes
configure:2551: g++ -c -g -O2  conftest.cc >&5
configure:2557: $? = 0
configure:2561: test -z 
			 || test ! -s conftest.err
configure:2564: $? = 0
configure:2567: test -s conftest.o
configure:2570: $? = 0
configure:2596: g++ -c -g -O2  conftest.cc >&5
conftest.cc: In function 'int main()':
conftest.cc:13: error: 'exit' was not declared in this scope
configure:2602: $? = 1
configure: failed program was:
| /* confdefs.h.  */
| 
| #define PACKAGE_NAME ""
| #define PACKAGE_TARNAME ""
| #define PACKAGE_VERSION ""
| #define PACKAGE_STRING ""
| #define PACKAGE_BUGREPORT ""
| /* end confdefs.h.  */
| 
| int
| main ()
| {
| exit (42);
|   ;
|   return 0;
| }
configure:2551: g++ -c -g -O2  conftest.cc >&5
configure:2557: $? = 0
configure:2561: test -z 
			 || test ! -s conftest.err
configure:2564: $? = 0
configure:2567: test -s conftest.o
configure:2570: $? = 0
configure:2596: g++ -c -g -O2  conftest.cc >&5
configure:2602: $? = 0
configure:2606: test -z 
			 || test ! -s conftest.err
configure:2609: $? = 0
configure:2612: test -s conftest.o
configure:2615: $? = 0
configure:2643: checking for g++
configure:2660: found /usr/bin/g++
configure:2671: result: AVAILABLE
configure:2685: checking whether the compiler is gcc 4 or greater
configure:2713: result: yes
configure:2731: checking for inline
configure:2752: gcc -c -g -O2  conftest.c >&5
configure:2758: $? = 0
configure:2762: test -z 
			 || test ! -s conftest.err
configure:2765: $? = 0
configure:2768: test -s conftest.o
configure:2771: $? = 0
configure:2783: result: inline
configure:2843: checking build system type
configure:2861: result: i686-pc-linux-gnu
configure:2869: checking host system type
configure:2883: result: i686-pc-linux-gnu
configure:3136: checking how to run the C preprocessor
configure:3171: gcc -E  conftest.c
configure:3177: $? = 0
configure:3209: gcc -E  conftest.c
conftest.c:14:28: error: ac_nonexistent.h: No such file or directory
configure:3215: $? = 1
configure: failed program was:
| /* confdefs.h.  */
| 
| #define PACKAGE_NAME ""
| #define PACKAGE_TARNAME ""
| #define PACKAGE_VERSION ""
| #define PACKAGE_STRING ""
| #define PACKAGE_BUGREPORT ""
| #ifdef __cplusplus
| extern "C" void std::exit (int) throw (); using std::exit;
| #endif
| #define LINUX 1
| #define PCAP_TIMEOUT_IGNORED 1
| /* end confdefs.h.  */
| #include <ac_nonexistent.h>
configure:3254: result: gcc -E
configure:3278: gcc -E  conftest.c
configure:3284: $? = 0
configure:3316: gcc -E  conftest.c
conftest.c:14:28: error: ac_nonexistent.h: No such file or directory
configure:3322: $? = 1
configure: failed program was:
| /* confdefs.h.  */
| 
| #define PACKAGE_NAME ""
| #define PACKAGE_TARNAME ""
| #define PACKAGE_VERSION ""
| #define PACKAGE_STRING ""
| #define PACKAGE_BUGREPORT ""
| #ifdef __cplusplus
| extern "C" void std::exit (int) throw (); using std::exit;
| #endif
| #define LINUX 1
| #define PCAP_TIMEOUT_IGNORED 1
| /* end confdefs.h.  */
| #include <ac_nonexistent.h>
configure:3366: checking for egrep
configure:3376: result: grep -E
configure:3381: checking for ANSI C header files
configure:3406: gcc -c -g -O2  conftest.c >&5
configure:3412: $? = 0
configure:3416: test -z 
			 || test ! -s conftest.err
configure:3419: $? = 0
configure:3422: test -s conftest.o
configure:3425: $? = 0
configure:3514: gcc -o conftest -g -O2   conftest.c  >&5
conftest.c: In function 'main':
conftest.c:31: warning: incompatible implicit declaration of built-in function 'exit'
configure:3517: $? = 0
configure:3519: ./conftest
configure:3522: $? = 0
configure:3537: result: yes
configure:3561: checking for sys/types.h
configure:3577: gcc -c -g -O2  conftest.c >&5
configure:3583: $? = 0
configure:3587: test -z 
			 || test ! -s conftest.err
configure:3590: $? = 0
configure:3593: test -s conftest.o
configure:3596: $? = 0
configure:3607: result: yes
configure:3561: checking for sys/stat.h
configure:3577: gcc -c -g -O2  conftest.c >&5
configure:3583: $? = 0
configure:3587: test -z 
			 || test ! -s conftest.err
configure:3590: $? = 0
configure:3593: test -s conftest.o
configure:3596: $? = 0
configure:3607: result: yes
configure:3561: checking for stdlib.h
configure:3577: gcc -c -g -O2  conftest.c >&5
configure:3583: $? = 0
configure:3587: test -z 
			 || test ! -s conftest.err
configure:3590: $? = 0
configure:3593: test -s conftest.o
configure:3596: $? = 0
configure:3607: result: yes
configure:3561: checking for string.h
configure:3577: gcc -c -g -O2  conftest.c >&5
configure:3583: $? = 0
configure:3587: test -z 
			 || test ! -s conftest.err
configure:3590: $? = 0
configure:3593: test -s conftest.o
configure:3596: $? = 0
configure:3607: result: yes
configure:3561: checking for memory.h
configure:3577: gcc -c -g -O2  conftest.c >&5
configure:3583: $? = 0
configure:3587: test -z 
			 || test ! -s conftest.err
configure:3590: $? = 0
configure:3593: test -s conftest.o
configure:3596: $? = 0
configure:3607: result: yes
configure:3561: checking for strings.h
configure:3577: gcc -c -g -O2  conftest.c >&5
configure:3583: $? = 0
configure:3587: test -z 
			 || test ! -s conftest.err
configure:3590: $? = 0
configure:3593: test -s conftest.o
configure:3596: $? = 0
configure:3607: result: yes
configure:3561: checking for inttypes.h
configure:3577: gcc -c -g -O2  conftest.c >&5
configure:3583: $? = 0
configure:3587: test -z 
			 || test ! -s conftest.err
configure:3590: $? = 0
configure:3593: test -s conftest.o
configure:3596: $? = 0
configure:3607: result: yes
configure:3561: checking for stdint.h
configure:3577: gcc -c -g -O2  conftest.c >&5
configure:3583: $? = 0
configure:3587: test -z 
			 || test ! -s conftest.err
configure:3590: $? = 0
configure:3593: test -s conftest.o
configure:3596: $? = 0
configure:3607: result: yes
configure:3561: checking for unistd.h
configure:3577: gcc -c -g -O2  conftest.c >&5
configure:3583: $? = 0
configure:3587: test -z 
			 || test ! -s conftest.err
configure:3590: $? = 0
configure:3593: test -s conftest.o
configure:3596: $? = 0
configure:3607: result: yes
configure:3636: checking for string.h
configure:3641: result: yes
configure:3645: checking getopt.h usability
configure:3657: gcc -c -g -O2  conftest.c >&5
configure:3663: $? = 0
configure:3667: test -z 
			 || test ! -s conftest.err
configure:3670: $? = 0
configure:3673: test -s conftest.o
configure:3676: $? = 0
configure:3686: result: yes
configure:3690: checking getopt.h presence
configure:3700: gcc -E  conftest.c
configure:3706: $? = 0
configure:3726: result: yes
configure:3761: checking for getopt.h
configure:3768: result: yes
configure:3636: checking for strings.h
configure:3641: result: yes
configure:3636: checking for memory.h
configure:3641: result: yes
configure:3645: checking sys/param.h usability
configure:3657: gcc -c -g -O2  conftest.c >&5
configure:3663: $? = 0
configure:3667: test -z 
			 || test ! -s conftest.err
configure:3670: $? = 0
configure:3673: test -s conftest.o
configure:3676: $? = 0
configure:3686: result: yes
configure:3690: checking sys/param.h presence
configure:3700: gcc -E  conftest.c
configure:3706: $? = 0
configure:3726: result: yes
configure:3761: checking for sys/param.h
configure:3768: result: yes
configure:3645: checking sys/sockio.h usability
configure:3657: gcc -c -g -O2  conftest.c >&5
conftest.c:63:24: error: sys/sockio.h: No such file or directory
configure:3663: $? = 1
configure: failed program was:
| /* confdefs.h.  */
| 
| #define PACKAGE_NAME ""
| #define PACKAGE_TARNAME ""
| #define PACKAGE_VERSION ""
| #define PACKAGE_STRING ""
| #define PACKAGE_BUGREPORT ""
| #ifdef __cplusplus
| extern "C" void std::exit (int) throw (); using std::exit;
| #endif
| #define LINUX 1
| #define PCAP_TIMEOUT_IGNORED 1
| #define STDC_HEADERS 1
| #define HAVE_SYS_TYPES_H 1
| #define HAVE_SYS_STAT_H 1
| #define HAVE_STDLIB_H 1
| #define HAVE_STRING_H 1
| #define HAVE_MEMORY_H 1
| #define HAVE_STRINGS_H 1
| #define HAVE_INTTYPES_H 1
| #define HAVE_STDINT_H 1
| #define HAVE_UNISTD_H 1
| #define HAVE_STRING_H 1
| #define HAVE_GETOPT_H 1
| #define HAVE_STRINGS_H 1
| #define HAVE_MEMORY_H 1
| #define HAVE_SYS_PARAM_H 1
| /* end confdefs.h.  */
| #include <stdio.h>
| #if HAVE_SYS_TYPES_H
| # include <sys/types.h>
| #endif
| #if HAVE_SYS_STAT_H
| # include <sys/stat.h>
| #endif
| #if STDC_HEADERS
| # include <stdlib.h>
| # include <stddef.h>
| #else
| # if HAVE_STDLIB_H
| #  include <stdlib.h>
| # endif
| #endif
| #if HAVE_STRING_H
| # if !STDC_HEADERS && HAVE_MEMORY_H
| #  include <memory.h>
| # endif
| # include <string.h>
| #endif
| #if HAVE_STRINGS_H
| # include <strings.h>
| #endif
| #if HAVE_INTTYPES_H
| # include <inttypes.h>
| #else
| # if HAVE_STDINT_H
| #  include <stdint.h>
| # endif
| #endif
| #if HAVE_UNISTD_H
| # include <unistd.h>
| #endif
| #include <sys/sockio.h>
configure:3686: result: no
configure:3690: checking sys/sockio.h presence
configure:3700: gcc -E  conftest.c
conftest.c:29:24: error: sys/sockio.h: No such file or directory
configure:3706: $? = 1
configure: failed program was:
| /* confdefs.h.  */
| 
| #define PACKAGE_NAME ""
| #define PACKAGE_TARNAME ""
| #define PACKAGE_VERSION ""
| #define PACKAGE_STRING ""
| #define PACKAGE_BUGREPORT ""
| #ifdef __cplusplus
| extern "C" void std::exit (int) throw (); using std::exit;
| #endif
| #define LINUX 1
| #define PCAP_TIMEOUT_IGNORED 1
| #define STDC_HEADERS 1
| #define HAVE_SYS_TYPES_H 1
| #define HAVE_SYS_STAT_H 1
| #define HAVE_STDLIB_H 1
| #define HAVE_STRING_H 1
| #define HAVE_MEMORY_H 1
| #define HAVE_STRINGS_H 1
| #define HAVE_INTTYPES_H 1
| #define HAVE_STDINT_H 1
| #define HAVE_UNISTD_H 1
| #define HAVE_STRING_H 1
| #define HAVE_GETOPT_H 1
| #define HAVE_STRINGS_H 1
| #define HAVE_MEMORY_H 1
| #define HAVE_SYS_PARAM_H 1
| /* end confdefs.h.  */
| #include <sys/sockio.h>
configure:3726: result: no
configure:3761: checking for sys/sockio.h
configure:3768: result: no
configure:3645: checking bstring.h usability
configure:3657: gcc -c -g -O2  conftest.c >&5
conftest.c:63:21: error: bstring.h: No such file or directory
configure:3663: $? = 1
configure: failed program was:
| /* confdefs.h.  */
| 
| #define PACKAGE_NAME ""
| #define PACKAGE_TARNAME ""
| #define PACKAGE_VERSION ""
| #define PACKAGE_STRING ""
| #define PACKAGE_BUGREPORT ""
| #ifdef __cplusplus
| extern "C" void std::exit (int) throw (); using std::exit;
| #endif
| #define LINUX 1
| #define PCAP_TIMEOUT_IGNORED 1
| #define STDC_HEADERS 1
| #define HAVE_SYS_TYPES_H 1
| #define HAVE_SYS_STAT_H 1
| #define HAVE_STDLIB_H 1
| #define HAVE_STRING_H 1
| #define HAVE_MEMORY_H 1
| #define HAVE_STRINGS_H 1
| #define HAVE_INTTYPES_H 1
| #define HAVE_STDINT_H 1
| #define HAVE_UNISTD_H 1
| #define HAVE_STRING_H 1
| #define HAVE_GETOPT_H 1
| #define HAVE_STRINGS_H 1
| #define HAVE_MEMORY_H 1
| #define HAVE_SYS_PARAM_H 1
| /* end confdefs.h.  */
| #include <stdio.h>
| #if HAVE_SYS_TYPES_H
| # include <sys/types.h>
| #endif
| #if HAVE_SYS_STAT_H
| # include <sys/stat.h>
| #endif
| #if STDC_HEADERS
| # include <stdlib.h>
| # include <stddef.h>
| #else
| # if HAVE_STDLIB_H
| #  include <stdlib.h>
| # endif
| #endif
| #if HAVE_STRING_H
| # if !STDC_HEADERS && HAVE_MEMORY_H
| #  include <memory.h>
| # endif
| # include <string.h>
| #endif
| #if HAVE_STRINGS_H
| # include <strings.h>
| #endif
| #if HAVE_INTTYPES_H
| # include <inttypes.h>
| #else
| # if HAVE_STDINT_H
| #  include <stdint.h>
| # endif
| #endif
| #if HAVE_UNISTD_H
| # include <unistd.h>
| #endif
| #include <bstring.h>
configure:3686: result: no
configure:3690: checking bstring.h presence
configure:3700: gcc -E  conftest.c
conftest.c:29:21: error: bstring.h: No such file or directory
configure:3706: $? = 1
configure: failed program was:
| /* confdefs.h.  */
| 
| #define PACKAGE_NAME ""
| #define PACKAGE_TARNAME ""
| #define PACKAGE_VERSION ""
| #define PACKAGE_STRING ""
| #define PACKAGE_BUGREPORT ""
| #ifdef __cplusplus
| extern "C" void std::exit (int) throw (); using std::exit;
| #endif
| #define LINUX 1
| #define PCAP_TIMEOUT_IGNORED 1
| #define STDC_HEADERS 1
| #define HAVE_SYS_TYPES_H 1
| #define HAVE_SYS_STAT_H 1
| #define HAVE_STDLIB_H 1
| #define HAVE_STRING_H 1
| #define HAVE_MEMORY_H 1
| #define HAVE_STRINGS_H 1
| #define HAVE_INTTYPES_H 1
| #define HAVE_STDINT_H 1
| #define HAVE_UNISTD_H 1
| #define HAVE_STRING_H 1
| #define HAVE_GETOPT_H 1
| #define HAVE_STRINGS_H 1
| #define HAVE_MEMORY_H 1
| #define HAVE_SYS_PARAM_H 1
| /* end confdefs.h.  */
| #include <bstring.h>
configure:3726: result: no
configure:3761: checking for bstring.h
configure:3768: result: no
configure:3645: checking sys/time.h usability
configure:3657: gcc -c -g -O2  conftest.c >&5
configure:3663: $? = 0
configure:3667: test -z 
			 || test ! -s conftest.err
configure:3670: $? = 0
configure:3673: test -s conftest.o
configure:3676: $? = 0
configure:3686: result: yes
configure:3690: checking sys/time.h presence
configure:3700: gcc -E  conftest.c
configure:3706: $? = 0
configure:3726: result: yes
configure:3761: checking for sys/time.h
configure:3768: result: yes
configure:3636: checking for sys/stat.h
configure:3641: result: yes
configure:3645: checking fcntl.h usability
configure:3657: gcc -c -g -O2  conftest.c >&5
configure:3663: $? = 0
configure:3667: test -z 
			 || test ! -s conftest.err
configure:3670: $? = 0
configure:3673: test -s conftest.o
configure:3676: $? = 0
configure:3686: result: yes
configure:3690: checking fcntl.h presence
configure:3700: gcc -E  conftest.c
configure:3706: $? = 0
configure:3726: result: yes
configure:3761: checking for fcntl.h
configure:3768: result: yes
configure:3645: checking termios.h usability
configure:3657: gcc -c -g -O2  conftest.c >&5
configure:3663: $? = 0
configure:3667: test -z 
			 || test ! -s conftest.err
configure:3670: $? = 0
configure:3673: test -s conftest.o
configure:3676: $? = 0
configure:3686: result: yes
configure:3690: checking termios.h presence
configure:3700: gcc -E  conftest.c
configure:3706: $? = 0
configure:3726: result: yes
configure:3761: checking for termios.h
configure:3768: result: yes
configure:3645: checking pwd.h usability
configure:3657: gcc -c -g -O2  conftest.c >&5
configure:3663: $? = 0
configure:3667: test -z 
			 || test ! -s conftest.err
configure:3670: $? = 0
configure:3673: test -s conftest.o
configure:3676: $? = 0
configure:3686: result: yes
configure:3690: checking pwd.h presence
configure:3700: gcc -E  conftest.c
configure:3706: $? = 0
configure:3726: result: yes
configure:3761: checking for pwd.h
configure:3768: result: yes
configure:3636: checking for unistd.h
configure:3641: result: yes
configure:3795: checking netinet/in.h usability
configure:3807: gcc -c -g -O2  conftest.c >&5
configure:3813: $? = 0
configure:3817: test -z 
			 || test ! -s conftest.err
configure:3820: $? = 0
configure:3823: test -s conftest.o
configure:3826: $? = 0
configure:3836: result: yes
configure:3840: checking netinet/in.h presence
configure:3850: gcc -E  conftest.c
configure:3856: $? = 0
configure:3876: result: yes
configure:3911: checking for netinet/in.h
configure:3918: result: yes
configure:3945: checking sys/socket.h usability
configure:3957: gcc -c -g -O2  conftest.c >&5
configure:3963: $? = 0
configure:3967: test -z 
			 || test ! -s conftest.err
configure:3970: $? = 0
configure:3973: test -s conftest.o
configure:3976: $? = 0
configure:3986: result: yes
configure:3990: checking sys/socket.h presence
configure:4000: gcc -E  conftest.c
configure:4006: $? = 0
configure:4026: result: yes
configure:4061: checking for sys/socket.h
configure:4068: result: yes
configure:4085: checking for net/if.h
configure:4110: gcc -c -g -O2  conftest.c >&5
configure:4116: $? = 0
configure:4120: test -z 
			 || test ! -s conftest.err
configure:4123: $? = 0
configure:4126: test -s conftest.o
configure:4129: $? = 0
configure:4140: result: yes
configure:4155: checking for netinet/if_ether.h
configure:4183: gcc -c -g -O2  conftest.c >&5
configure:4189: $? = 0
configure:4193: test -z 
			 || test ! -s conftest.err
configure:4196: $? = 0
configure:4199: test -s conftest.o
configure:4202: $? = 0
configure:4213: result: yes
configure:4224: checking whether time.h and sys/time.h may both be included
configure:4249: gcc -c -g -O2  conftest.c >&5
configure:4255: $? = 0
configure:4259: test -z 
			 || test ! -s conftest.err
configure:4262: $? = 0
configure:4265: test -s conftest.o
configure:4268: $? = 0
configure:4279: result: yes
configure:4292: checking for main in -lm
configure:4316: gcc -o conftest -g -O2   conftest.c -lm   >&5
configure:4322: $? = 0
configure:4326: test -z 
			 || test ! -s conftest.err
configure:4329: $? = 0
configure:4332: test -s conftest
configure:4335: $? = 0
configure:4348: result: yes
configure:4361: checking for library containing gethostent
configure:4391: gcc -o conftest -g -O2   conftest.c -lm  >&5
configure:4397: $? = 0
configure:4401: test -z 
			 || test ! -s conftest.err
configure:4404: $? = 0
configure:4407: test -s conftest
configure:4410: $? = 0
configure:4480: result: none required
configure:4487: checking for library containing setsockopt
configure:4517: gcc -o conftest -g -O2   conftest.c -lm  >&5
configure:4523: $? = 0
configure:4527: test -z 
			 || test ! -s conftest.err
configure:4530: $? = 0
configure:4533: test -s conftest
configure:4536: $? = 0
configure:4606: result: none required
configure:4614: checking for library containing nanosleep
configure:4644: gcc -o conftest -g -O2   conftest.c -lm  >&5
configure:4650: $? = 0
configure:4654: test -z 
			 || test ! -s conftest.err
configure:4657: $? = 0
configure:4660: test -s conftest
configure:4663: $? = 0
configure:4733: result: none required
configure:4795: checking openssl/ssl.h usability
configure:4807: gcc -c -g -O2  conftest.c >&5
configure:4813: $? = 0
configure:4817: test -z 
			 || test ! -s conftest.err
configure:4820: $? = 0
configure:4823: test -s conftest.o
configure:4826: $? = 0
configure:4836: result: yes
configure:4840: checking openssl/ssl.h presence
configure:4850: gcc -E  conftest.c
configure:4856: $? = 0
configure:4876: result: yes
configure:4911: checking for openssl/ssl.h
configure:4918: result: yes
configure:4943: checking openssl/err.h usability
configure:4955: gcc -c -g -O2  conftest.c >&5
configure:4961: $? = 0
configure:4965: test -z 
			 || test ! -s conftest.err
configure:4968: $? = 0
configure:4971: test -s conftest.o
configure:4974: $? = 0
configure:4984: result: yes
configure:4988: checking openssl/err.h presence
configure:4998: gcc -E  conftest.c
configure:5004: $? = 0
configure:5024: result: yes
configure:5059: checking for openssl/err.h
configure:5066: result: yes
configure:5092: checking openssl/rand.h usability
configure:5104: gcc -c -g -O2  conftest.c >&5
configure:5110: $? = 0
configure:5114: test -z 
			 || test ! -s conftest.err
configure:5117: $? = 0
configure:5120: test -s conftest.o
configure:5123: $? = 0
configure:5133: result: yes
configure:5137: checking openssl/rand.h presence
configure:5147: gcc -E  conftest.c
configure:5153: $? = 0
configure:5173: result: yes
configure:5208: checking for openssl/rand.h
configure:5215: result: yes
configure:5232: checking for BIO_int_ctrl in -lcrypto
configure:5262: gcc -o conftest -g -O2   conftest.c -lcrypto  -lm  >&5
configure:5268: $? = 0
configure:5272: test -z 
			 || test ! -s conftest.err
configure:5275: $? = 0
configure:5278: test -s conftest
configure:5281: $? = 0
configure:5294: result: yes
configure:5307: checking for SSL_new in -lssl
configure:5337: gcc -o conftest -g -O2   conftest.c -lssl  -lm  >&5
configure:5343: $? = 0
configure:5347: test -z 
			 || test ! -s conftest.err
configure:5350: $? = 0
configure:5353: test -s conftest
configure:5356: $? = 0
configure:5369: result: yes
configure:5414: checking pcap.h usability
configure:5426: gcc -c -g -O2  conftest.c >&5
conftest.c:76:18: error: pcap.h: No such file or directory
configure:5432: $? = 1
configure: failed program was:
| /* confdefs.h.  */
| 
| #define PACKAGE_NAME ""
| #define PACKAGE_TARNAME ""
| #define PACKAGE_VERSION ""
| #define PACKAGE_STRING ""
| #define PACKAGE_BUGREPORT ""
| #ifdef __cplusplus
| extern "C" void std::exit (int) throw (); using std::exit;
| #endif
| #define LINUX 1
| #define PCAP_TIMEOUT_IGNORED 1
| #define STDC_HEADERS 1
| #define HAVE_SYS_TYPES_H 1
| #define HAVE_SYS_STAT_H 1
| #define HAVE_STDLIB_H 1
| #define HAVE_STRING_H 1
| #define HAVE_MEMORY_H 1
| #define HAVE_STRINGS_H 1
| #define HAVE_INTTYPES_H 1
| #define HAVE_STDINT_H 1
| #define HAVE_UNISTD_H 1
| #define HAVE_STRING_H 1
| #define HAVE_GETOPT_H 1
| #define HAVE_STRINGS_H 1
| #define HAVE_MEMORY_H 1
| #define HAVE_SYS_PARAM_H 1
| #define HAVE_SYS_TIME_H 1
| #define HAVE_SYS_STAT_H 1
| #define HAVE_FCNTL_H 1
| #define HAVE_TERMIOS_H 1
| #define HAVE_PWD_H 1
| #define HAVE_UNISTD_H 1
| #define HAVE_NETINET_IN_H 1
| #define HAVE_SYS_SOCKET_H 1
| #define HAVE_NET_IF_H 1
| #define HAVE_NETINET_IF_ETHER_H 1
| #define TIME_WITH_SYS_TIME 1
| #define HAVE_LIBM 1
| #define HAVE_OPENSSL 1
| /* end confdefs.h.  */
| #include <stdio.h>
| #if HAVE_SYS_TYPES_H
| # include <sys/types.h>
| #endif
| #if HAVE_SYS_STAT_H
| # include <sys/stat.h>
| #endif
| #if STDC_HEADERS
| # include <stdlib.h>
| # include <stddef.h>
| #else
| # if HAVE_STDLIB_H
| #  include <stdlib.h>
| # endif
| #endif
| #if HAVE_STRING_H
| # if !STDC_HEADERS && HAVE_MEMORY_H
| #  include <memory.h>
| # endif
| # include <string.h>
| #endif
| #if HAVE_STRINGS_H
| # include <strings.h>
| #endif
| #if HAVE_INTTYPES_H
| # include <inttypes.h>
| #else
| # if HAVE_STDINT_H
| #  include <stdint.h>
| # endif
| #endif
| #if HAVE_UNISTD_H
| # include <unistd.h>
| #endif
| #include <pcap.h>
configure:5455: result: no
configure:5459: checking pcap.h presence
configure:5469: gcc -E  conftest.c
conftest.c:42:18: error: pcap.h: No such file or directory
configure:5475: $? = 1
configure: failed program was:
| /* confdefs.h.  */
| 
| #define PACKAGE_NAME ""
| #define PACKAGE_TARNAME ""
| #define PACKAGE_VERSION ""
| #define PACKAGE_STRING ""
| #define PACKAGE_BUGREPORT ""
| #ifdef __cplusplus
| extern "C" void std::exit (int) throw (); using std::exit;
| #endif
| #define LINUX 1
| #define PCAP_TIMEOUT_IGNORED 1
| #define STDC_HEADERS 1
| #define HAVE_SYS_TYPES_H 1
| #define HAVE_SYS_STAT_H 1
| #define HAVE_STDLIB_H 1
| #define HAVE_STRING_H 1
| #define HAVE_MEMORY_H 1
| #define HAVE_STRINGS_H 1
| #define HAVE_INTTYPES_H 1
| #define HAVE_STDINT_H 1
| #define HAVE_UNISTD_H 1
| #define HAVE_STRING_H 1
| #define HAVE_GETOPT_H 1
| #define HAVE_STRINGS_H 1
| #define HAVE_MEMORY_H 1
| #define HAVE_SYS_PARAM_H 1
| #define HAVE_SYS_TIME_H 1
| #define HAVE_SYS_STAT_H 1
| #define HAVE_FCNTL_H 1
| #define HAVE_TERMIOS_H 1
| #define HAVE_PWD_H 1
| #define HAVE_UNISTD_H 1
| #define HAVE_NETINET_IN_H 1
| #define HAVE_SYS_SOCKET_H 1
| #define HAVE_NET_IF_H 1
| #define HAVE_NETINET_IF_ETHER_H 1
| #define TIME_WITH_SYS_TIME 1
| #define HAVE_LIBM 1
| #define HAVE_OPENSSL 1
| /* end confdefs.h.  */
| #include <pcap.h>
configure:5495: result: no
configure:5530: checking for pcap.h
configure:5537: result: no
configure:5983: checking pcre.h usability
configure:5995: gcc -c -g -O2  conftest.c >&5
conftest.c:76:18: error: pcre.h: No such file or directory
configure:6001: $? = 1
configure: failed program was:
| /* confdefs.h.  */
| 
| #define PACKAGE_NAME ""
| #define PACKAGE_TARNAME ""
| #define PACKAGE_VERSION ""
| #define PACKAGE_STRING ""
| #define PACKAGE_BUGREPORT ""
| #ifdef __cplusplus
| extern "C" void std::exit (int) throw (); using std::exit;
| #endif
| #define LINUX 1
| #define PCAP_TIMEOUT_IGNORED 1
| #define STDC_HEADERS 1
| #define HAVE_SYS_TYPES_H 1
| #define HAVE_SYS_STAT_H 1
| #define HAVE_STDLIB_H 1
| #define HAVE_STRING_H 1
| #define HAVE_MEMORY_H 1
| #define HAVE_STRINGS_H 1
| #define HAVE_INTTYPES_H 1
| #define HAVE_STDINT_H 1
| #define HAVE_UNISTD_H 1
| #define HAVE_STRING_H 1
| #define HAVE_GETOPT_H 1
| #define HAVE_STRINGS_H 1
| #define HAVE_MEMORY_H 1
| #define HAVE_SYS_PARAM_H 1
| #define HAVE_SYS_TIME_H 1
| #define HAVE_SYS_STAT_H 1
| #define HAVE_FCNTL_H 1
| #define HAVE_TERMIOS_H 1
| #define HAVE_PWD_H 1
| #define HAVE_UNISTD_H 1
| #define HAVE_NETINET_IN_H 1
| #define HAVE_SYS_SOCKET_H 1
| #define HAVE_NET_IF_H 1
| #define HAVE_NETINET_IF_ETHER_H 1
| #define TIME_WITH_SYS_TIME 1
| #define HAVE_LIBM 1
| #define HAVE_OPENSSL 1
| /* end confdefs.h.  */
| #include <stdio.h>
| #if HAVE_SYS_TYPES_H
| # include <sys/types.h>
| #endif
| #if HAVE_SYS_STAT_H
| # include <sys/stat.h>
| #endif
| #if STDC_HEADERS
| # include <stdlib.h>
| # include <stddef.h>
| #else
| # if HAVE_STDLIB_H
| #  include <stdlib.h>
| # endif
| #endif
| #if HAVE_STRING_H
| # if !STDC_HEADERS && HAVE_MEMORY_H
| #  include <memory.h>
| # endif
| # include <string.h>
| #endif
| #if HAVE_STRINGS_H
| # include <strings.h>
| #endif
| #if HAVE_INTTYPES_H
| # include <inttypes.h>
| #else
| # if HAVE_STDINT_H
| #  include <stdint.h>
| # endif
| #endif
| #if HAVE_UNISTD_H
| # include <unistd.h>
| #endif
| #include <pcre.h>
configure:6024: result: no
configure:6028: checking pcre.h presence
configure:6038: gcc -E  conftest.c
conftest.c:42:18: error: pcre.h: No such file or directory
configure:6044: $? = 1
configure: failed program was:
| /* confdefs.h.  */
| 
| #define PACKAGE_NAME ""
| #define PACKAGE_TARNAME ""
| #define PACKAGE_VERSION ""
| #define PACKAGE_STRING ""
| #define PACKAGE_BUGREPORT ""
| #ifdef __cplusplus
| extern "C" void std::exit (int) throw (); using std::exit;
| #endif
| #define LINUX 1
| #define PCAP_TIMEOUT_IGNORED 1
| #define STDC_HEADERS 1
| #define HAVE_SYS_TYPES_H 1
| #define HAVE_SYS_STAT_H 1
| #define HAVE_STDLIB_H 1
| #define HAVE_STRING_H 1
| #define HAVE_MEMORY_H 1
| #define HAVE_STRINGS_H 1
| #define HAVE_INTTYPES_H 1
| #define HAVE_STDINT_H 1
| #define HAVE_UNISTD_H 1
| #define HAVE_STRING_H 1
| #define HAVE_GETOPT_H 1
| #define HAVE_STRINGS_H 1
| #define HAVE_MEMORY_H 1
| #define HAVE_SYS_PARAM_H 1
| #define HAVE_SYS_TIME_H 1
| #define HAVE_SYS_STAT_H 1
| #define HAVE_FCNTL_H 1
| #define HAVE_TERMIOS_H 1
| #define HAVE_PWD_H 1
| #define HAVE_UNISTD_H 1
| #define HAVE_NETINET_IN_H 1
| #define HAVE_SYS_SOCKET_H 1
| #define HAVE_NET_IF_H 1
| #define HAVE_NETINET_IF_ETHER_H 1
| #define TIME_WITH_SYS_TIME 1
| #define HAVE_LIBM 1
| #define HAVE_OPENSSL 1
| /* end confdefs.h.  */
| #include <pcre.h>
configure:6064: result: no
configure:6099: checking for pcre.h
configure:6106: result: no
configure:6194: checking pcre/pcre.h usability
configure:6206: gcc -c -g -O2  conftest.c >&5
conftest.c:76:23: error: pcre/pcre.h: No such file or directory
configure:6212: $? = 1
configure: failed program was:
| /* confdefs.h.  */
| 
| #define PACKAGE_NAME ""
| #define PACKAGE_TARNAME ""
| #define PACKAGE_VERSION ""
| #define PACKAGE_STRING ""
| #define PACKAGE_BUGREPORT ""
| #ifdef __cplusplus
| extern "C" void std::exit (int) throw (); using std::exit;
| #endif
| #define LINUX 1
| #define PCAP_TIMEOUT_IGNORED 1
| #define STDC_HEADERS 1
| #define HAVE_SYS_TYPES_H 1
| #define HAVE_SYS_STAT_H 1
| #define HAVE_STDLIB_H 1
| #define HAVE_STRING_H 1
| #define HAVE_MEMORY_H 1
| #define HAVE_STRINGS_H 1
| #define HAVE_INTTYPES_H 1
| #define HAVE_STDINT_H 1
| #define HAVE_UNISTD_H 1
| #define HAVE_STRING_H 1
| #define HAVE_GETOPT_H 1
| #define HAVE_STRINGS_H 1
| #define HAVE_MEMORY_H 1
| #define HAVE_SYS_PARAM_H 1
| #define HAVE_SYS_TIME_H 1
| #define HAVE_SYS_STAT_H 1
| #define HAVE_FCNTL_H 1
| #define HAVE_TERMIOS_H 1
| #define HAVE_PWD_H 1
| #define HAVE_UNISTD_H 1
| #define HAVE_NETINET_IN_H 1
| #define HAVE_SYS_SOCKET_H 1
| #define HAVE_NET_IF_H 1
| #define HAVE_NETINET_IF_ETHER_H 1
| #define TIME_WITH_SYS_TIME 1
| #define HAVE_LIBM 1
| #define HAVE_OPENSSL 1
| /* end confdefs.h.  */
| #include <stdio.h>
| #if HAVE_SYS_TYPES_H
| # include <sys/types.h>
| #endif
| #if HAVE_SYS_STAT_H
| # include <sys/stat.h>
| #endif
| #if STDC_HEADERS
| # include <stdlib.h>
| # include <stddef.h>
| #else
| # if HAVE_STDLIB_H
| #  include <stdlib.h>
| # endif
| #endif
| #if HAVE_STRING_H
| # if !STDC_HEADERS && HAVE_MEMORY_H
| #  include <memory.h>
| # endif
| # include <string.h>
| #endif
| #if HAVE_STRINGS_H
| # include <strings.h>
| #endif
| #if HAVE_INTTYPES_H
| # include <inttypes.h>
| #else
| # if HAVE_STDINT_H
| #  include <stdint.h>
| # endif
| #endif
| #if HAVE_UNISTD_H
| # include <unistd.h>
| #endif
| #include <pcre/pcre.h>
configure:6235: result: no
configure:6239: checking pcre/pcre.h presence
configure:6249: gcc -E  conftest.c
conftest.c:42:23: error: pcre/pcre.h: No such file or directory
configure:6255: $? = 1
configure: failed program was:
| /* confdefs.h.  */
| 
| #define PACKAGE_NAME ""
| #define PACKAGE_TARNAME ""
| #define PACKAGE_VERSION ""
| #define PACKAGE_STRING ""
| #define PACKAGE_BUGREPORT ""
| #ifdef __cplusplus
| extern "C" void std::exit (int) throw (); using std::exit;
| #endif
| #define LINUX 1
| #define PCAP_TIMEOUT_IGNORED 1
| #define STDC_HEADERS 1
| #define HAVE_SYS_TYPES_H 1
| #define HAVE_SYS_STAT_H 1
| #define HAVE_STDLIB_H 1
| #define HAVE_STRING_H 1
| #define HAVE_MEMORY_H 1
| #define HAVE_STRINGS_H 1
| #define HAVE_INTTYPES_H 1
| #define HAVE_STDINT_H 1
| #define HAVE_UNISTD_H 1
| #define HAVE_STRING_H 1
| #define HAVE_GETOPT_H 1
| #define HAVE_STRINGS_H 1
| #define HAVE_MEMORY_H 1
| #define HAVE_SYS_PARAM_H 1
| #define HAVE_SYS_TIME_H 1
| #define HAVE_SYS_STAT_H 1
| #define HAVE_FCNTL_H 1
| #define HAVE_TERMIOS_H 1
| #define HAVE_PWD_H 1
| #define HAVE_UNISTD_H 1
| #define HAVE_NETINET_IN_H 1
| #define HAVE_SYS_SOCKET_H 1
| #define HAVE_NET_IF_H 1
| #define HAVE_NETINET_IF_ETHER_H 1
| #define TIME_WITH_SYS_TIME 1
| #define HAVE_LIBM 1
| #define HAVE_OPENSSL 1
| /* end confdefs.h.  */
| #include <pcre/pcre.h>
configure:6275: result: no
configure:6310: checking for pcre/pcre.h
configure:6317: result: no
configure:6476: checking struct ip
configure:6497: gcc -c -g -O2  conftest.c >&5
configure:6503: $? = 0
configure:6507: test -z 
			 || test ! -s conftest.err
configure:6510: $? = 0
configure:6513: test -s conftest.o
configure:6516: $? = 0
configure:6518: result: yes
configure:6534: checking ip_v in struct ip
configure:6555: gcc -c -g -O2  conftest.c >&5
configure:6561: $? = 0
configure:6565: test -z 
			 || test ! -s conftest.err
configure:6568: $? = 0
configure:6571: test -s conftest.o
configure:6574: $? = 0
configure:6576: result: yes
configure:6657: checking if sockaddr{} has sa_len member
configure:6680: gcc -c -g -O2  conftest.c >&5
conftest.c: In function 'main':
conftest.c:49: error: 'struct sockaddr' has no member named 'sa_len'
configure:6686: $? = 1
configure: failed program was:
| /* confdefs.h.  */
| 
| #define PACKAGE_NAME ""
| #define PACKAGE_TARNAME ""
| #define PACKAGE_VERSION ""
| #define PACKAGE_STRING ""
| #define PACKAGE_BUGREPORT ""
| #ifdef __cplusplus
| extern "C" void std::exit (int) throw (); using std::exit;
| #endif
| #define LINUX 1
| #define PCAP_TIMEOUT_IGNORED 1
| #define STDC_HEADERS 1
| #define HAVE_SYS_TYPES_H 1
| #define HAVE_SYS_STAT_H 1
| #define HAVE_STDLIB_H 1
| #define HAVE_STRING_H 1
| #define HAVE_MEMORY_H 1
| #define HAVE_STRINGS_H 1
| #define HAVE_INTTYPES_H 1
| #define HAVE_STDINT_H 1
| #define HAVE_UNISTD_H 1
| #define HAVE_STRING_H 1
| #define HAVE_GETOPT_H 1
| #define HAVE_STRINGS_H 1
| #define HAVE_MEMORY_H 1
| #define HAVE_SYS_PARAM_H 1
| #define HAVE_SYS_TIME_H 1
| #define HAVE_SYS_STAT_H 1
| #define HAVE_FCNTL_H 1
| #define HAVE_TERMIOS_H 1
| #define HAVE_PWD_H 1
| #define HAVE_UNISTD_H 1
| #define HAVE_NETINET_IN_H 1
| #define HAVE_SYS_SOCKET_H 1
| #define HAVE_NET_IF_H 1
| #define HAVE_NETINET_IF_ETHER_H 1
| #define TIME_WITH_SYS_TIME 1
| #define HAVE_LIBM 1
| #define HAVE_OPENSSL 1
| #define BSD_NETWORKING 1
| /* end confdefs.h.  */
| 
| #               include <sys/types.h>
| #               include <sys/socket.h>
| int
| main ()
| {
| unsigned int i = sizeof(((struct sockaddr *)0)->sa_len)
|   ;
|   return 0;
| }
configure:6710: result: no
configure:6719: checking whether byte ordering is bigendian
configure:6746: gcc -c -g -O2  conftest.c >&5
configure:6752: $? = 0
configure:6756: test -z 
			 || test ! -s conftest.err
configure:6759: $? = 0
configure:6762: test -s conftest.o
configure:6765: $? = 0
configure:6789: gcc -c -g -O2  conftest.c >&5
conftest.c: In function 'main':
conftest.c:50: error: 'not' undeclared (first use in this function)
conftest.c:50: error: (Each undeclared identifier is reported only once
conftest.c:50: error: for each function it appears in.)
conftest.c:50: error: expected ';' before 'big'
configure:6795: $? = 1
configure: failed program was:
| /* confdefs.h.  */
| 
| #define PACKAGE_NAME ""
| #define PACKAGE_TARNAME ""
| #define PACKAGE_VERSION ""
| #define PACKAGE_STRING ""
| #define PACKAGE_BUGREPORT ""
| #ifdef __cplusplus
| extern "C" void std::exit (int) throw (); using std::exit;
| #endif
| #define LINUX 1
| #define PCAP_TIMEOUT_IGNORED 1
| #define STDC_HEADERS 1
| #define HAVE_SYS_TYPES_H 1
| #define HAVE_SYS_STAT_H 1
| #define HAVE_STDLIB_H 1
| #define HAVE_STRING_H 1
| #define HAVE_MEMORY_H 1
| #define HAVE_STRINGS_H 1
| #define HAVE_INTTYPES_H 1
| #define HAVE_STDINT_H 1
| #define HAVE_UNISTD_H 1
| #define HAVE_STRING_H 1
| #define HAVE_GETOPT_H 1
| #define HAVE_STRINGS_H 1
| #define HAVE_MEMORY_H 1
| #define HAVE_SYS_PARAM_H 1
| #define HAVE_SYS_TIME_H 1
| #define HAVE_SYS_STAT_H 1
| #define HAVE_FCNTL_H 1
| #define HAVE_TERMIOS_H 1
| #define HAVE_PWD_H 1
| #define HAVE_UNISTD_H 1
| #define HAVE_NETINET_IN_H 1
| #define HAVE_SYS_SOCKET_H 1
| #define HAVE_NET_IF_H 1
| #define HAVE_NETINET_IF_ETHER_H 1
| #define TIME_WITH_SYS_TIME 1
| #define HAVE_LIBM 1
| #define HAVE_OPENSSL 1
| #define BSD_NETWORKING 1
| /* end confdefs.h.  */
| #include <sys/types.h>
| #include <sys/param.h>
| 
| int
| main ()
| {
| #if BYTE_ORDER != BIG_ENDIAN
|  not big endian
| #endif
| 
|   ;
|   return 0;
| }
configure:6930: result: no
configure:6950: checking if struct in_addr is a wacky huge structure (some Sun boxes)
configure:6969: gcc -c -g -O2  conftest.c >&5
conftest.c: In function 'main':
conftest.c:47: error: 'struct in_addr' has no member named '_S_un'
configure:6975: $? = 1
configure: failed program was:
| /* confdefs.h.  */
| 
| #define PACKAGE_NAME ""
| #define PACKAGE_TARNAME ""
| #define PACKAGE_VERSION ""
| #define PACKAGE_STRING ""
| #define PACKAGE_BUGREPORT ""
| #ifdef __cplusplus
| extern "C" void std::exit (int) throw (); using std::exit;
| #endif
| #define LINUX 1
| #define PCAP_TIMEOUT_IGNORED 1
| #define STDC_HEADERS 1
| #define HAVE_SYS_TYPES_H 1
| #define HAVE_SYS_STAT_H 1
| #define HAVE_STDLIB_H 1
| #define HAVE_STRING_H 1
| #define HAVE_MEMORY_H 1
| #define HAVE_STRINGS_H 1
| #define HAVE_INTTYPES_H 1
| #define HAVE_STDINT_H 1
| #define HAVE_UNISTD_H 1
| #define HAVE_STRING_H 1
| #define HAVE_GETOPT_H 1
| #define HAVE_STRINGS_H 1
| #define HAVE_MEMORY_H 1
| #define HAVE_SYS_PARAM_H 1
| #define HAVE_SYS_TIME_H 1
| #define HAVE_SYS_STAT_H 1
| #define HAVE_FCNTL_H 1
| #define HAVE_TERMIOS_H 1
| #define HAVE_PWD_H 1
| #define HAVE_UNISTD_H 1
| #define HAVE_NETINET_IN_H 1
| #define HAVE_SYS_SOCKET_H 1
| #define HAVE_NET_IF_H 1
| #define HAVE_NETINET_IF_ETHER_H 1
| #define TIME_WITH_SYS_TIME 1
| #define HAVE_LIBM 1
| #define HAVE_OPENSSL 1
| #define BSD_NETWORKING 1
| /* end confdefs.h.  */
| #include <netinet/in.h>
| int
| main ()
| {
| struct in_addr i; i._S_un._S_addr;
|   ;
|   return 0;
| }
configure:7019: gcc -c -g -O2  conftest.c >&5
conftest.c: In function 'main':
conftest.c:48: error: 'struct in_addr' has no member named 'S_un'
configure:7025: $? = 1
configure: failed program was:
| /* confdefs.h.  */
| 
| #define PACKAGE_NAME ""
| #define PACKAGE_TARNAME ""
| #define PACKAGE_VERSION ""
| #define PACKAGE_STRING ""
| #define PACKAGE_BUGREPORT ""
| #ifdef __cplusplus
| extern "C" void std::exit (int) throw (); using std::exit;
| #endif
| #define LINUX 1
| #define PCAP_TIMEOUT_IGNORED 1
| #define STDC_HEADERS 1
| #define HAVE_SYS_TYPES_H 1
| #define HAVE_SYS_STAT_H 1
| #define HAVE_STDLIB_H 1
| #define HAVE_STRING_H 1
| #define HAVE_MEMORY_H 1
| #define HAVE_STRINGS_H 1
| #define HAVE_INTTYPES_H 1
| #define HAVE_STDINT_H 1
| #define HAVE_UNISTD_H 1
| #define HAVE_STRING_H 1
| #define HAVE_GETOPT_H 1
| #define HAVE_STRINGS_H 1
| #define HAVE_MEMORY_H 1
| #define HAVE_SYS_PARAM_H 1
| #define HAVE_SYS_TIME_H 1
| #define HAVE_SYS_STAT_H 1
| #define HAVE_FCNTL_H 1
| #define HAVE_TERMIOS_H 1
| #define HAVE_PWD_H 1
| #define HAVE_UNISTD_H 1
| #define HAVE_NETINET_IN_H 1
| #define HAVE_SYS_SOCKET_H 1
| #define HAVE_NET_IF_H 1
| #define HAVE_NETINET_IF_ETHER_H 1
| #define TIME_WITH_SYS_TIME 1
| #define HAVE_LIBM 1
| #define HAVE_OPENSSL 1
| #define BSD_NETWORKING 1
| /* end confdefs.h.  */
| #include <sys/types.h>
| #include <netinet/in.h>
| int
| main ()
| {
| struct in_addr i; i.S_un.S_addr;
|   ;
|   return 0;
| }
configure:7052: result: no
configure:7059: checking if struct icmp exists
configure:7089: gcc -c -g -O2  conftest.c >&5
conftest.c:48:1: warning: "__USE_BSD" redefined
In file included from /usr/include/sys/types.h:27,
                 from conftest.c:44:
/usr/include/features.h:258:1: warning: this is the location of the previous definition
configure:7095: $? = 0
configure:7099: test -z 
			 || test ! -s conftest.err
configure:7102: $? = 0
configure:7105: test -s conftest.o
configure:7108: $? = 0
configure:7119: result: yes
configure:7128: checking if struct ip exists
configure:7157: gcc -c -g -O2  conftest.c >&5
conftest.c:49:1: warning: "__USE_BSD" redefined
In file included from /usr/include/sys/types.h:27,
                 from conftest.c:45:
/usr/include/features.h:258:1: warning: this is the location of the previous definition
configure:7163: $? = 0
configure:7167: test -z 
			 || test ! -s conftest.err
configure:7170: $? = 0
configure:7173: test -s conftest.o
configure:7176: $? = 0
configure:7187: result: yes
configure:7196: checking if struct ip has ip_sum member
configure:7226: gcc -c -g -O2  conftest.c >&5
conftest.c:50:1: warning: "__USE_BSD" redefined
In file included from /usr/include/sys/types.h:27,
                 from conftest.c:46:
/usr/include/features.h:258:1: warning: this is the location of the previous definition
configure:7232: $? = 0
configure:7236: test -z 
			 || test ! -s conftest.err
configure:7239: $? = 0
configure:7242: test -s conftest.o
configure:7245: $? = 0
configure:7256: result: yes
configure:7276: checking for bzero
configure:7333: gcc -o conftest -g -O2  -Llibpcap  conftest.c -lm  >&5
conftest.c:70: warning: conflicting types for built-in function 'bzero'
configure:7339: $? = 0
configure:7343: test -z 
			 || test ! -s conftest.err
configure:7346: $? = 0
configure:7349: test -s conftest
configure:7352: $? = 0
configure:7364: result: yes
configure:7276: checking for memcpy
configure:7333: gcc -o conftest -g -O2  -Llibpcap  conftest.c -lm  >&5
conftest.c:71: warning: conflicting types for built-in function 'memcpy'
configure:7339: $? = 0
configure:7343: test -z 
			 || test ! -s conftest.err
configure:7346: $? = 0
configure:7349: test -s conftest
configure:7352: $? = 0
configure:7364: result: yes
configure:7276: checking for nanosleep
configure:7333: gcc -o conftest -g -O2  -Llibpcap  conftest.c -lm  >&5
configure:7339: $? = 0
configure:7343: test -z 
			 || test ! -s conftest.err
configure:7346: $? = 0
configure:7349: test -s conftest
configure:7352: $? = 0
configure:7364: result: yes
configure:7276: checking for strerror
configure:7333: gcc -o conftest -g -O2  -Llibpcap  conftest.c -lm  >&5
configure:7339: $? = 0
configure:7343: test -z 
			 || test ! -s conftest.err
configure:7346: $? = 0
configure:7349: test -s conftest
configure:7352: $? = 0
configure:7364: result: yes
configure:7276: checking for strcasestr
configure:7333: gcc -o conftest -g -O2  -Llibpcap  conftest.c -lm  >&5
configure:7339: $? = 0
configure:7343: test -z 
			 || test ! -s conftest.err
configure:7346: $? = 0
configure:7349: test -s conftest
configure:7352: $? = 0
configure:7364: result: yes
configure:7276: checking for getopt_long_only
configure:7333: gcc -o conftest -g -O2  -Llibpcap  conftest.c -lm  >&5
configure:7339: $? = 0
configure:7343: test -z 
			 || test ! -s conftest.err
configure:7346: $? = 0
configure:7349: test -s conftest
configure:7352: $? = 0
configure:7364: result: yes
configure:7381: checking for usleep
configure:7400: g++ -o conftest -Ilibdnet-stripped/include -Ilibpcre -g -O2 -Wall  -fno-strict-aliasing -Ilibpcap  -Llibpcap  conftest.cc -lm  >&5
configure:7406: $? = 0
configure:7410: test -z 
			 || test ! -s conftest.err
configure:7413: $? = 0
configure:7416: test -s conftest
configure:7419: $? = 0
configure:7422: result: yes
configure:7525: g++ -o conftest -Ilibdnet-stripped/include -Ilibpcre -g -O2 -Wall  -fno-strict-aliasing -Ilibpcap  -Llibpcap  conftest.cc -lm  >&5
configure:7531: $? = 0
configure:7535: test -z 
			 || test ! -s conftest.err
configure:7538: $? = 0
configure:7541: test -s conftest
configure:7544: $? = 0
configure:7630: checking for type of 6th argument to recvfrom()
configure:7656: g++ -c -Ilibdnet-stripped/include -Ilibpcre -g -O2 -Wall  -fno-strict-aliasing -Ilibpcap  conftest.cc >&5
configure:7662: $? = 0
configure:7666: test -z 
			 || test ! -s conftest.err
configure:7669: $? = 0
configure:7672: test -s conftest.o
configure:7675: $? = 0
configure:7694: result: socklen_t
configure:7768: checking for pkg-config
configure:7786: found /usr/bin/pkg-config
configure:7799: result: /usr/bin/pkg-config
configure:7806: checking If you have GTK+ installed
configure:7822: result: 2.10.11
configure:7941: creating ./config.status

## ---------------------- ##
## Running config.status. ##
## ---------------------- ##

This file was extended by config.status, which was
generated by GNU Autoconf 2.59.  Invocation command line was

  CONFIG_FILES    = 
  CONFIG_HEADERS  = 
  CONFIG_LINKS    = 
  CONFIG_COMMANDS = 
  $ ./config.status 

on ssh-key-research-project.ece.cmu.edu

config.status:680: creating Makefile
config.status:783: creating config.h
configure:9038: configuring in libpcre
configure:9155: running /bin/bash './configure' --prefix=/usr/local  --cache-file=/dev/null --srcdir=.
configure:9038: configuring in libdnet-stripped
configure:9155: running /bin/bash './configure' --prefix=/usr/local  --cache-file=/dev/null --srcdir=.
configure:9038: configuring in nbase
configure:9155: running /bin/bash './configure' --prefix=/usr/local  --cache-file=/dev/null --srcdir=.
configure:9038: configuring in libpcap
configure:9155: running /bin/bash './configure' --prefix=/usr/local  --cache-file=/dev/null --srcdir=.
configure:9038: configuring in nsock/src
configure:9155: running /bin/bash './configure' --prefix=/usr/local  --cache-file=/dev/null --srcdir=.
configure:9038: configuring in nmapfe
configure:9155: running /bin/bash './configure' --prefix=/usr/local  --cache-file=/dev/null --srcdir=.

## ---------------- ##
## Cache variables. ##
## ---------------- ##

ac_cv_build=i686-pc-linux-gnu
ac_cv_build_alias=i686-pc-linux-gnu
ac_cv_c_bigendian=no
ac_cv_c_compiler_gnu=yes
ac_cv_c_inline=inline
ac_cv_cxx_compiler_gnu=yes
ac_cv_env_CC_set=
ac_cv_env_CC_value=
ac_cv_env_CFLAGS_set=
ac_cv_env_CFLAGS_value=
ac_cv_env_CPPFLAGS_set=
ac_cv_env_CPPFLAGS_value=
ac_cv_env_CPP_set=
ac_cv_env_CPP_value=
ac_cv_env_CXXFLAGS_set=
ac_cv_env_CXXFLAGS_value=
ac_cv_env_CXX_set=
ac_cv_env_CXX_value=
ac_cv_env_LDFLAGS_set=
ac_cv_env_LDFLAGS_value=
ac_cv_env_build_alias_set=
ac_cv_env_build_alias_value=
ac_cv_env_host_alias_set=
ac_cv_env_host_alias_value=
ac_cv_env_target_alias_set=
ac_cv_env_target_alias_value=
ac_cv_exeext=
ac_cv_func_bzero=yes
ac_cv_func_getopt_long_only=yes
ac_cv_func_memcpy=yes
ac_cv_func_nanosleep=yes
ac_cv_func_strcasestr=yes
ac_cv_func_strerror=yes
ac_cv_header_bstring_h=no
ac_cv_header_fcntl_h=yes
ac_cv_header_getopt_h=yes
ac_cv_header_inttypes_h=yes
ac_cv_header_memory_h=yes
ac_cv_header_net_if_h=yes
ac_cv_header_netinet_if_ether_h=yes
ac_cv_header_netinet_in_h=yes
ac_cv_header_openssl_err_h=yes
ac_cv_header_openssl_rand_h=yes
ac_cv_header_openssl_ssl_h=yes
ac_cv_header_pcap_h=no
ac_cv_header_pcre_h=no
ac_cv_header_pcre_pcre_h=no
ac_cv_header_pwd_h=yes
ac_cv_header_stdc=yes
ac_cv_header_stdint_h=yes
ac_cv_header_stdlib_h=yes
ac_cv_header_string_h=yes
ac_cv_header_strings_h=yes
ac_cv_header_sys_param_h=yes
ac_cv_header_sys_socket_h=yes
ac_cv_header_sys_sockio_h=no
ac_cv_header_sys_stat_h=yes
ac_cv_header_sys_time_h=yes
ac_cv_header_sys_types_h=yes
ac_cv_header_termios_h=yes
ac_cv_header_time=yes
ac_cv_header_unistd_h=yes
ac_cv_host=i686-pc-linux-gnu
ac_cv_host_alias=i686-pc-linux-gnu
ac_cv_ip_has_ip_sum=yes
ac_cv_lib_crypto_BIO_int_ctrl=yes
ac_cv_lib_m_main=yes
ac_cv_lib_ssl_SSL_new=yes
ac_cv_objext=o
ac_cv_path_GTK_CONFIG=/usr/bin/pkg-config
ac_cv_prog_CPP='gcc -E'
ac_cv_prog_CXXPROG=AVAILABLE
ac_cv_prog_ac_ct_CC=gcc
ac_cv_prog_ac_ct_CXX=g++
ac_cv_prog_cc_g=yes
ac_cv_prog_cc_stdc=
ac_cv_prog_cxx_g=yes
ac_cv_prog_egrep='grep -E'
ac_cv_search_gethostent='none required'
ac_cv_search_nanosleep='none required'
ac_cv_search_setsockopt='none required'
ac_cv_sockaddr_has_sa_len=no
ac_cv_struct_icmp_exists=yes
ac_cv_struct_ip_exists=yes

## ----------------- ##
## Output variables. ##
## ----------------- ##

CC='gcc'
CFLAGS='-g -O2'
COMPAT_OBJS=''
COMPAT_SRCS=''
CPP='gcc -E'
CPPFLAGS=''
CXX='g++'
CXXFLAGS='-Ilibdnet-stripped/include -Ilibpcre -g -O2 -Wall  -fno-strict-aliasing -Ilibpcap -Inbase -Insock/include'
CXXPROG='AVAILABLE'
DEFS='-DHAVE_CONFIG_H'
DNET_CLEAN='dnet_clean'
DNET_DEPENDS='libdnet-stripped/src/.libs/libdnet.a'
DNET_DIST_CLEAN='dnet_dist_clean'
ECHO_C=''
ECHO_N='-n'
ECHO_T=''
EGREP='grep -E'
EXEEXT=''
GTK_CONFIG='/usr/bin/pkg-config'
INSTALLNMAPFE='install-nmapfe'
LDFLAGS='-Llibpcap  -Lnbase -Lnsock/src/'
LIBDNETDIR='libdnet-stripped'
LIBDNET_LIBS='libdnet-stripped/src/.libs/libdnet.a'
LIBNBASE_LIBS='-lnbase'
LIBNSOCK_LIBS='-lnsock'
LIBOBJS=''
LIBPCAP_LIBS='-lpcap'
LIBPCREDIR='libpcre'
LIBPCRE_LIBS='libpcre/libpcre.a'
LIBS='-lm '
LTLIBOBJS=''
NBASEDIR='nbase'
NSOCKDIR='nsock'
OBJEXT='o'
OPENSSL_LIBS='-lssl -lcrypto'
PACKAGE_BUGREPORT=''
PACKAGE_NAME=''
PACKAGE_STRING=''
PACKAGE_TARNAME=''
PACKAGE_VERSION=''
PATH_SEPARATOR=':'
PCAP_CLEAN='pcap_clean'
PCAP_DEPENDS='$(LIBPCAPDIR)/libpcap.a'
PCAP_DIST_CLEAN='pcap_dist_clean'
PCRE_CLEAN='pcre_clean'
PCRE_DEPENDS='libpcre/libpcre.a'
PCRE_DIST_CLEAN='pcre_dist_clean'
SHELL='/bin/bash'
TARGETNMAPFE='nmapfe/nmapfe'
ac_ct_CC='gcc'
ac_ct_CXX='g++'
bindir='${exec_prefix}/bin'
build='i686-pc-linux-gnu'
build_alias=''
build_cpu='i686'
build_os='linux-gnu'
build_vendor='pc'
datadir='${prefix}/share'
exec_prefix='${prefix}'
host='i686-pc-linux-gnu'
host_alias=''
host_cpu='i686'
host_os='linux-gnu'
host_vendor='pc'
includedir='${prefix}/include'
infodir='${prefix}/info'
libdir='${exec_prefix}/lib'
libexecdir='${exec_prefix}/libexec'
libpcapdir='libpcap'
localstatedir='${prefix}/var'
mandir='${prefix}/man'
oldincludedir='/usr/include'
pcredir='libpcre'
prefix='/usr/local'
program_transform_name='s,x,x,'
sbindir='${exec_prefix}/sbin'
sharedstatedir='${prefix}/com'
subdirs=' libpcre  libdnet-stripped  nbase libpcap  nsock/src nmapfe '
sysconfdir='${prefix}/etc'
target_alias=''

## ----------- ##
## confdefs.h. ##
## ----------- ##

#define BSD_NETWORKING 1
#define HAVE_BZERO 1
#define HAVE_FCNTL_H 1
#define HAVE_GETOPT_H 1
#define HAVE_GETOPT_LONG_ONLY 1
#define HAVE_INTTYPES_H 1
#define HAVE_IP_IP_SUM 1
#define HAVE_LIBM 1
#define HAVE_MEMCPY 1
#define HAVE_MEMORY_H 1
#define HAVE_MEMORY_H 1
#define HAVE_NANOSLEEP 1
#define HAVE_NETINET_IF_ETHER_H 1
#define HAVE_NETINET_IN_H 1
#define HAVE_NET_IF_H 1
#define HAVE_OPENSSL 1
#define HAVE_PWD_H 1
#define HAVE_STDINT_H 1
#define HAVE_STDLIB_H 1
#define HAVE_STRCASESTR 1
#define HAVE_STRERROR 1
#define HAVE_STRINGS_H 1
#define HAVE_STRINGS_H 1
#define HAVE_STRING_H 1
#define HAVE_STRING_H 1
#define HAVE_STRUCT_ICMP 1
#define HAVE_STRUCT_IP 1
#define HAVE_SYS_PARAM_H 1
#define HAVE_SYS_SOCKET_H 1
#define HAVE_SYS_STAT_H 1
#define HAVE_SYS_STAT_H 1
#define HAVE_SYS_TIME_H 1
#define HAVE_SYS_TYPES_H 1
#define HAVE_TERMIOS_H 1
#define HAVE_UNISTD_H 1
#define HAVE_UNISTD_H 1
#define LINUX 1
#define PACKAGE_BUGREPORT ""
#define PACKAGE_NAME ""
#define PACKAGE_STRING ""
#define PACKAGE_TARNAME ""
#define PACKAGE_VERSION ""
#define PCAP_TIMEOUT_IGNORED 1
#define STDC_HEADERS 1
#define TIME_WITH_SYS_TIME 1
#define recvfrom6_t socklen_t
#endif
#ifdef __cplusplus
extern "C" void std::exit (int) throw (); using std::exit;

configure: exit 0
