This file contains any messages produced by compilers while
running configure, to aid debugging if configure makes a mistake.

It was created by configure, which was
generated by GNU Autoconf 2.59.  Invocation command line was

  $ ./configure --prefix=/usr/local --cache-file=/dev/null --srcdir=.

## --------- ##
## Platform. ##
## --------- ##

hostname = ssh-key-research-project.ece.cmu.edu
uname -m = i686
uname -r = 2.6.20-15-server
uname -s = Linux
uname -v = #2 SMP Sun Apr 15 07:41:34 UTC 2007

/usr/bin/uname -p = unknown
/bin/uname -X     = unknown

/bin/arch              = i686
/usr/bin/arch -k       = unknown
/usr/convex/getsysinfo = unknown
hostinfo               = unknown
/bin/machine           = unknown
/usr/bin/oslevel       = unknown
/bin/universe          = unknown

PATH: /usr/local/sbin
PATH: /usr/local/bin
PATH: /usr/sbin
PATH: /usr/bin
PATH: /sbin
PATH: /bin
PATH: /usr/games


## ----------- ##
## Core tests. ##
## ----------- ##

configure:1379: checking for gcc
configure:1395: found /usr/bin/gcc
configure:1405: result: gcc
configure:1649: checking for C compiler version
configure:1652: gcc --version </dev/null >&5
gcc (GCC) 4.1.2 (Ubuntu 4.1.2-0ubuntu4)
Copyright (C) 2006 Free Software Foundation, Inc.
This is free software; see the source for copying conditions.  There is NO
warranty; not even for MERCHANTABILITY or FITNESS FOR A PARTICULAR PURPOSE.

configure:1655: $? = 0
configure:1657: gcc -v </dev/null >&5
Using built-in specs.
Target: i486-linux-gnu
Configured with: ../src/configure -v --enable-languages=c,c++,fortran,objc,obj-c++,treelang --prefix=/usr --enable-shared --with-system-zlib --libexecdir=/usr/lib --without-included-gettext --enable-threads=posix --enable-nls --program-suffix=-4.1 --enable-__cxa_atexit --enable-clocale=gnu --enable-libstdcxx-debug --enable-mpfr --enable-checking=release i486-linux-gnu
Thread model: posix
gcc version 4.1.2 (Ubuntu 4.1.2-0ubuntu4)
configure:1660: $? = 0
configure:1662: gcc -V </dev/null >&5
gcc: '-V' option must have argument
configure:1665: $? = 1
configure:1688: checking for C compiler default output file name
configure:1691: gcc    conftest.c  >&5
configure:1694: $? = 0
configure:1740: result: a.out
configure:1745: checking whether the C compiler works
configure:1751: ./a.out
configure:1754: $? = 0
configure:1771: result: yes
configure:1778: checking whether we are cross compiling
configure:1780: result: no
configure:1783: checking for suffix of executables
configure:1785: gcc -o conftest    conftest.c  >&5
configure:1788: $? = 0
configure:1813: result: 
configure:1819: checking for suffix of object files
configure:1840: gcc -c   conftest.c >&5
configure:1843: $? = 0
configure:1865: result: o
configure:1869: checking whether we are using the GNU C compiler
configure:1893: gcc -c   conftest.c >&5
configure:1899: $? = 0
configure:1903: test -z 
			 || test ! -s conftest.err
configure:1906: $? = 0
configure:1909: test -s conftest.o
configure:1912: $? = 0
configure:1925: result: yes
configure:1931: checking whether gcc accepts -g
configure:1952: gcc -c -g  conftest.c >&5
configure:1958: $? = 0
configure:1962: test -z 
			 || test ! -s conftest.err
configure:1965: $? = 0
configure:1968: test -s conftest.o
configure:1971: $? = 0
configure:1982: result: yes
configure:1999: checking for gcc option to accept ANSI C
configure:2069: gcc  -c -g -O2  conftest.c >&5
configure:2075: $? = 0
configure:2079: test -z 
			 || test ! -s conftest.err
configure:2082: $? = 0
configure:2085: test -s conftest.o
configure:2088: $? = 0
configure:2106: result: none needed
configure:2124: gcc -c -g -O2  conftest.c >&5
conftest.c:2: error: expected '=', ',', ';', 'asm' or '__attribute__' before 'me'
configure:2130: $? = 1
configure: failed program was:
| #ifndef __cplusplus
|   choke me
| #endif
configure:2308: checking for ranlib
configure:2324: found /usr/bin/ranlib
configure:2335: result: ranlib
configure:2382: checking build system type
configure:2400: result: i686-pc-linux-gnu
configure:2408: checking host system type
configure:2422: result: i686-pc-linux-gnu
configure:2585: checking how to run the C preprocessor
configure:2620: gcc -E  conftest.c
configure:2626: $? = 0
configure:2658: gcc -E  conftest.c
conftest.c:11:28: error: ac_nonexistent.h: No such file or directory
configure:2664: $? = 1
configure: failed program was:
| /* confdefs.h.  */
| 
| #define PACKAGE_NAME ""
| #define PACKAGE_TARNAME ""
| #define PACKAGE_VERSION ""
| #define PACKAGE_STRING ""
| #define PACKAGE_BUGREPORT ""
| #define LINUX 1
| #define PCAP_TIMEOUT_IGNORED 1
| /* end confdefs.h.  */
| #include <ac_nonexistent.h>
configure:2703: result: gcc -E
configure:2727: gcc -E  conftest.c
configure:2733: $? = 0
configure:2765: gcc -E  conftest.c
conftest.c:11:28: error: ac_nonexistent.h: No such file or directory
configure:2771: $? = 1
configure: failed program was:
| /* confdefs.h.  */
| 
| #define PACKAGE_NAME ""
| #define PACKAGE_TARNAME ""
| #define PACKAGE_VERSION ""
| #define PACKAGE_STRING ""
| #define PACKAGE_BUGREPORT ""
| #define LINUX 1
| #define PCAP_TIMEOUT_IGNORED 1
| /* end confdefs.h.  */
| #include <ac_nonexistent.h>
configure:2815: checking for egrep
configure:2825: result: grep -E
configure:2830: checking for ANSI C header files
configure:2855: gcc -c -g -O2 -Wall   conftest.c >&5
configure:2861: $? = 0
configure:2865: test -z 
			 || test ! -s conftest.err
configure:2868: $? = 0
configure:2871: test -s conftest.o
configure:2874: $? = 0
configure:2963: gcc -o conftest -g -O2 -Wall    conftest.c  >&5
conftest.c: In function 'main':
conftest.c:28: warning: implicit declaration of function 'exit'
conftest.c:28: warning: incompatible implicit declaration of built-in function 'exit'
configure:2966: $? = 0
configure:2968: ./conftest
configure:2971: $? = 0
configure:2986: result: yes
configure:3010: checking for sys/types.h
configure:3026: gcc -c -g -O2 -Wall   conftest.c >&5
configure:3032: $? = 0
configure:3036: test -z 
			 || test ! -s conftest.err
configure:3039: $? = 0
configure:3042: test -s conftest.o
configure:3045: $? = 0
configure:3056: result: yes
configure:3010: checking for sys/stat.h
configure:3026: gcc -c -g -O2 -Wall   conftest.c >&5
configure:3032: $? = 0
configure:3036: test -z 
			 || test ! -s conftest.err
configure:3039: $? = 0
configure:3042: test -s conftest.o
configure:3045: $? = 0
configure:3056: result: yes
configure:3010: checking for stdlib.h
configure:3026: gcc -c -g -O2 -Wall   conftest.c >&5
configure:3032: $? = 0
configure:3036: test -z 
			 || test ! -s conftest.err
configure:3039: $? = 0
configure:3042: test -s conftest.o
configure:3045: $? = 0
configure:3056: result: yes
configure:3010: checking for string.h
configure:3026: gcc -c -g -O2 -Wall   conftest.c >&5
configure:3032: $? = 0
configure:3036: test -z 
			 || test ! -s conftest.err
configure:3039: $? = 0
configure:3042: test -s conftest.o
configure:3045: $? = 0
configure:3056: result: yes
configure:3010: checking for memory.h
configure:3026: gcc -c -g -O2 -Wall   conftest.c >&5
configure:3032: $? = 0
configure:3036: test -z 
			 || test ! -s conftest.err
configure:3039: $? = 0
configure:3042: test -s conftest.o
configure:3045: $? = 0
configure:3056: result: yes
configure:3010: checking for strings.h
configure:3026: gcc -c -g -O2 -Wall   conftest.c >&5
configure:3032: $? = 0
configure:3036: test -z 
			 || test ! -s conftest.err
configure:3039: $? = 0
configure:3042: test -s conftest.o
configure:3045: $? = 0
configure:3056: result: yes
configure:3010: checking for inttypes.h
configure:3026: gcc -c -g -O2 -Wall   conftest.c >&5
configure:3032: $? = 0
configure:3036: test -z 
			 || test ! -s conftest.err
configure:3039: $? = 0
configure:3042: test -s conftest.o
configure:3045: $? = 0
configure:3056: result: yes
configure:3010: checking for stdint.h
configure:3026: gcc -c -g -O2 -Wall   conftest.c >&5
configure:3032: $? = 0
configure:3036: test -z 
			 || test ! -s conftest.err
configure:3039: $? = 0
configure:3042: test -s conftest.o
configure:3045: $? = 0
configure:3056: result: yes
configure:3010: checking for unistd.h
configure:3026: gcc -c -g -O2 -Wall   conftest.c >&5
configure:3032: $? = 0
configure:3036: test -z 
			 || test ! -s conftest.err
configure:3039: $? = 0
configure:3042: test -s conftest.o
configure:3045: $? = 0
configure:3056: result: yes
configure:3095: checking for string.h
configure:3100: result: yes
configure:3104: checking getopt.h usability
configure:3116: gcc -c -g -O2 -Wall   conftest.c >&5
configure:3122: $? = 0
configure:3126: test -z 
			 || test ! -s conftest.err
configure:3129: $? = 0
configure:3132: test -s conftest.o
configure:3135: $? = 0
configure:3145: result: yes
configure:3149: checking getopt.h presence
configure:3159: gcc -E  conftest.c
configure:3165: $? = 0
configure:3185: result: yes
configure:3220: checking for getopt.h
configure:3227: result: yes
configure:3095: checking for strings.h
configure:3100: result: yes
configure:3095: checking for memory.h
configure:3100: result: yes
configure:3104: checking sys/param.h usability
configure:3116: gcc -c -g -O2 -Wall   conftest.c >&5
configure:3122: $? = 0
configure:3126: test -z 
			 || test ! -s conftest.err
configure:3129: $? = 0
configure:3132: test -s conftest.o
configure:3135: $? = 0
configure:3145: result: yes
configure:3149: checking sys/param.h presence
configure:3159: gcc -E  conftest.c
configure:3165: $? = 0
configure:3185: result: yes
configure:3220: checking for sys/param.h
configure:3227: result: yes
configure:3104: checking sys/time.h usability
configure:3116: gcc -c -g -O2 -Wall   conftest.c >&5
configure:3122: $? = 0
configure:3126: test -z 
			 || test ! -s conftest.err
configure:3129: $? = 0
configure:3132: test -s conftest.o
configure:3135: $? = 0
configure:3145: result: yes
configure:3149: checking sys/time.h presence
configure:3159: gcc -E  conftest.c
configure:3165: $? = 0
configure:3185: result: yes
configure:3220: checking for sys/time.h
configure:3227: result: yes
configure:3095: checking for unistd.h
configure:3100: result: yes
configure:3104: checking bstring.h usability
configure:3116: gcc -c -g -O2 -Wall   conftest.c >&5
conftest.c:62:21: error: bstring.h: No such file or directory
configure:3122: $? = 1
configure: failed program was:
| /* confdefs.h.  */
| 
| #define PACKAGE_NAME ""
| #define PACKAGE_TARNAME ""
| #define PACKAGE_VERSION ""
| #define PACKAGE_STRING ""
| #define PACKAGE_BUGREPORT ""
| #define LINUX 1
| #define PCAP_TIMEOUT_IGNORED 1
| #define STDC_HEADERS 1
| #define HAVE_SYS_TYPES_H 1
| #define HAVE_SYS_STAT_H 1
| #define HAVE_STDLIB_H 1
| #define HAVE_STRING_H 1
| #define HAVE_MEMORY_H 1
| #define HAVE_STRINGS_H 1
| #define HAVE_INTTYPES_H 1
| #define HAVE_STDINT_H 1
| #define HAVE_UNISTD_H 1
| #define HAVE_STRING_H 1
| #define HAVE_GETOPT_H 1
| #define HAVE_STRINGS_H 1
| #define HAVE_MEMORY_H 1
| #define HAVE_SYS_PARAM_H 1
| #define HAVE_SYS_TIME_H 1
| #define HAVE_UNISTD_H 1
| /* end confdefs.h.  */
| #include <stdio.h>
| #if HAVE_SYS_TYPES_H
| # include <sys/types.h>
| #endif
| #if HAVE_SYS_STAT_H
| # include <sys/stat.h>
| #endif
| #if STDC_HEADERS
| # include <stdlib.h>
| # include <stddef.h>
| #else
| # if HAVE_STDLIB_H
| #  include <stdlib.h>
| # endif
| #endif
| #if HAVE_STRING_H
| # if !STDC_HEADERS && HAVE_MEMORY_H
| #  include <memory.h>
| # endif
| # include <string.h>
| #endif
| #if HAVE_STRINGS_H
| # include <strings.h>
| #endif
| #if HAVE_INTTYPES_H
| # include <inttypes.h>
| #else
| # if HAVE_STDINT_H
| #  include <stdint.h>
| # endif
| #endif
| #if HAVE_UNISTD_H
| # include <unistd.h>
| #endif
| #include <bstring.h>
configure:3145: result: no
configure:3149: checking bstring.h presence
configure:3159: gcc -E  conftest.c
conftest.c:28:21: error: bstring.h: No such file or directory
configure:3165: $? = 1
configure: failed program was:
| /* confdefs.h.  */
| 
| #define PACKAGE_NAME ""
| #define PACKAGE_TARNAME ""
| #define PACKAGE_VERSION ""
| #define PACKAGE_STRING ""
| #define PACKAGE_BUGREPORT ""
| #define LINUX 1
| #define PCAP_TIMEOUT_IGNORED 1
| #define STDC_HEADERS 1
| #define HAVE_SYS_TYPES_H 1
| #define HAVE_SYS_STAT_H 1
| #define HAVE_STDLIB_H 1
| #define HAVE_STRING_H 1
| #define HAVE_MEMORY_H 1
| #define HAVE_STRINGS_H 1
| #define HAVE_INTTYPES_H 1
| #define HAVE_STDINT_H 1
| #define HAVE_UNISTD_H 1
| #define HAVE_STRING_H 1
| #define HAVE_GETOPT_H 1
| #define HAVE_STRINGS_H 1
| #define HAVE_MEMORY_H 1
| #define HAVE_SYS_PARAM_H 1
| #define HAVE_SYS_TIME_H 1
| #define HAVE_UNISTD_H 1
| /* end confdefs.h.  */
| #include <bstring.h>
configure:3185: result: no
configure:3220: checking for bstring.h
configure:3227: result: no
configure:3104: checking errno.h usability
configure:3116: gcc -c -g -O2 -Wall   conftest.c >&5
configure:3122: $? = 0
configure:3126: test -z 
			 || test ! -s conftest.err
configure:3129: $? = 0
configure:3132: test -s conftest.o
configure:3135: $? = 0
configure:3145: result: yes
configure:3149: checking errno.h presence
configure:3159: gcc -E  conftest.c
configure:3165: $? = 0
configure:3185: result: yes
configure:3220: checking for errno.h
configure:3227: result: yes
configure:3095: checking for sys/types.h
configure:3100: result: yes
configure:3104: checking sys/socket.h usability
configure:3116: gcc -c -g -O2 -Wall   conftest.c >&5
configure:3122: $? = 0
configure:3126: test -z 
			 || test ! -s conftest.err
configure:3129: $? = 0
configure:3132: test -s conftest.o
configure:3135: $? = 0
configure:3145: result: yes
configure:3149: checking sys/socket.h presence
configure:3159: gcc -E  conftest.c
configure:3165: $? = 0
configure:3185: result: yes
configure:3220: checking for sys/socket.h
configure:3227: result: yes
configure:3104: checking netinet/in.h usability
configure:3116: gcc -c -g -O2 -Wall   conftest.c >&5
configure:3122: $? = 0
configure:3126: test -z 
			 || test ! -s conftest.err
configure:3129: $? = 0
configure:3132: test -s conftest.o
configure:3135: $? = 0
configure:3145: result: yes
configure:3149: checking netinet/in.h presence
configure:3159: gcc -E  conftest.c
configure:3165: $? = 0
configure:3185: result: yes
configure:3220: checking for netinet/in.h
configure:3227: result: yes
configure:3104: checking sys/sockio.h usability
configure:3116: gcc -c -g -O2 -Wall   conftest.c >&5
conftest.c:66:24: error: sys/sockio.h: No such file or directory
configure:3122: $? = 1
configure: failed program was:
| /* confdefs.h.  */
| 
| #define PACKAGE_NAME ""
| #define PACKAGE_TARNAME ""
| #define PACKAGE_VERSION ""
| #define PACKAGE_STRING ""
| #define PACKAGE_BUGREPORT ""
| #define LINUX 1
| #define PCAP_TIMEOUT_IGNORED 1
| #define STDC_HEADERS 1
| #define HAVE_SYS_TYPES_H 1
| #define HAVE_SYS_STAT_H 1
| #define HAVE_STDLIB_H 1
| #define HAVE_STRING_H 1
| #define HAVE_MEMORY_H 1
| #define HAVE_STRINGS_H 1
| #define HAVE_INTTYPES_H 1
| #define HAVE_STDINT_H 1
| #define HAVE_UNISTD_H 1
| #define HAVE_STRING_H 1
| #define HAVE_GETOPT_H 1
| #define HAVE_STRINGS_H 1
| #define HAVE_MEMORY_H 1
| #define HAVE_SYS_PARAM_H 1
| #define HAVE_SYS_TIME_H 1
| #define HAVE_UNISTD_H 1
| #define HAVE_ERRNO_H 1
| #define HAVE_SYS_TYPES_H 1
| #define HAVE_SYS_SOCKET_H 1
| #define HAVE_NETINET_IN_H 1
| /* end confdefs.h.  */
| #include <stdio.h>
| #if HAVE_SYS_TYPES_H
| # include <sys/types.h>
| #endif
| #if HAVE_SYS_STAT_H
| # include <sys/stat.h>
| #endif
| #if STDC_HEADERS
| # include <stdlib.h>
| # include <stddef.h>
| #else
| # if HAVE_STDLIB_H
| #  include <stdlib.h>
| # endif
| #endif
| #if HAVE_STRING_H
| # if !STDC_HEADERS && HAVE_MEMORY_H
| #  include <memory.h>
| # endif
| # include <string.h>
| #endif
| #if HAVE_STRINGS_H
| # include <strings.h>
| #endif
| #if HAVE_INTTYPES_H
| # include <inttypes.h>
| #else
| # if HAVE_STDINT_H
| #  include <stdint.h>
| # endif
| #endif
| #if HAVE_UNISTD_H
| # include <unistd.h>
| #endif
| #include <sys/sockio.h>
configure:3145: result: no
configure:3149: checking sys/sockio.h presence
configure:3159: gcc -E  conftest.c
conftest.c:32:24: error: sys/sockio.h: No such file or directory
configure:3165: $? = 1
configure: failed program was:
| /* confdefs.h.  */
| 
| #define PACKAGE_NAME ""
| #define PACKAGE_TARNAME ""
| #define PACKAGE_VERSION ""
| #define PACKAGE_STRING ""
| #define PACKAGE_BUGREPORT ""
| #define LINUX 1
| #define PCAP_TIMEOUT_IGNORED 1
| #define STDC_HEADERS 1
| #define HAVE_SYS_TYPES_H 1
| #define HAVE_SYS_STAT_H 1
| #define HAVE_STDLIB_H 1
| #define HAVE_STRING_H 1
| #define HAVE_MEMORY_H 1
| #define HAVE_STRINGS_H 1
| #define HAVE_INTTYPES_H 1
| #define HAVE_STDINT_H 1
| #define HAVE_UNISTD_H 1
| #define HAVE_STRING_H 1
| #define HAVE_GETOPT_H 1
| #define HAVE_STRINGS_H 1
| #define HAVE_MEMORY_H 1
| #define HAVE_SYS_PARAM_H 1
| #define HAVE_SYS_TIME_H 1
| #define HAVE_UNISTD_H 1
| #define HAVE_ERRNO_H 1
| #define HAVE_SYS_TYPES_H 1
| #define HAVE_SYS_SOCKET_H 1
| #define HAVE_NETINET_IN_H 1
| /* end confdefs.h.  */
| #include <sys/sockio.h>
configure:3185: result: no
configure:3220: checking for sys/sockio.h
configure:3227: result: no
configure:3104: checking rpc/types.h usability
configure:3116: gcc -c -g -O2 -Wall   conftest.c >&5
configure:3122: $? = 0
configure:3126: test -z 
			 || test ! -s conftest.err
configure:3129: $? = 0
configure:3132: test -s conftest.o
configure:3135: $? = 0
configure:3145: result: yes
configure:3149: checking rpc/types.h presence
configure:3159: gcc -E  conftest.c
configure:3165: $? = 0
configure:3185: result: yes
configure:3220: checking for rpc/types.h
configure:3227: result: yes
configure:3104: checking netdb.h usability
configure:3116: gcc -c -g -O2 -Wall   conftest.c >&5
configure:3122: $? = 0
configure:3126: test -z 
			 || test ! -s conftest.err
configure:3129: $? = 0
configure:3132: test -s conftest.o
configure:3135: $? = 0
configure:3145: result: yes
configure:3149: checking netdb.h presence
configure:3159: gcc -E  conftest.c
configure:3165: $? = 0
configure:3185: result: yes
configure:3220: checking for netdb.h
configure:3227: result: yes
configure:3104: checking pwd.h usability
configure:3116: gcc -c -g -O2 -Wall   conftest.c >&5
configure:3122: $? = 0
configure:3126: test -z 
			 || test ! -s conftest.err
configure:3129: $? = 0
configure:3132: test -s conftest.o
configure:3135: $? = 0
configure:3145: result: yes
configure:3149: checking pwd.h presence
configure:3159: gcc -E  conftest.c
configure:3165: $? = 0
configure:3185: result: yes
configure:3220: checking for pwd.h
configure:3227: result: yes
configure:3104: checking arpa/inet.h usability
configure:3116: gcc -c -g -O2 -Wall   conftest.c >&5
configure:3122: $? = 0
configure:3126: test -z 
			 || test ! -s conftest.err
configure:3129: $? = 0
configure:3132: test -s conftest.o
configure:3135: $? = 0
configure:3145: result: yes
configure:3149: checking arpa/inet.h presence
configure:3159: gcc -E  conftest.c
configure:3165: $? = 0
configure:3185: result: yes
configure:3220: checking for arpa/inet.h
configure:3227: result: yes
configure:3104: checking sys/resource.h usability
configure:3116: gcc -c -g -O2 -Wall   conftest.c >&5
configure:3122: $? = 0
configure:3126: test -z 
			 || test ! -s conftest.err
configure:3129: $? = 0
configure:3132: test -s conftest.o
configure:3135: $? = 0
configure:3145: result: yes
configure:3149: checking sys/resource.h presence
configure:3159: gcc -E  conftest.c
configure:3165: $? = 0
configure:3185: result: yes
configure:3220: checking for sys/resource.h
configure:3227: result: yes
configure:3095: checking for sys/stat.h
configure:3100: result: yes
configure:3104: checking sys/wait.h usability
configure:3116: gcc -c -g -O2 -Wall   conftest.c >&5
configure:3122: $? = 0
configure:3126: test -z 
			 || test ! -s conftest.err
configure:3129: $? = 0
configure:3132: test -s conftest.o
configure:3135: $? = 0
configure:3145: result: yes
configure:3149: checking sys/wait.h presence
configure:3159: gcc -E  conftest.c
configure:3165: $? = 0
configure:3185: result: yes
configure:3220: checking for sys/wait.h
configure:3227: result: yes
configure:3104: checking net/if.h usability
configure:3116: gcc -c -g -O2 -Wall   conftest.c >&5
configure:3122: $? = 0
configure:3126: test -z 
			 || test ! -s conftest.err
configure:3129: $? = 0
configure:3132: test -s conftest.o
configure:3135: $? = 0
configure:3145: result: yes
configure:3149: checking net/if.h presence
configure:3159: gcc -E  conftest.c
configure:3165: $? = 0
configure:3185: result: yes
configure:3220: checking for net/if.h
configure:3227: result: yes
configure:3104: checking libiberty.h usability
configure:3116: gcc -c -g -O2 -Wall   conftest.c >&5
conftest.c:74:23: error: libiberty.h: No such file or directory
configure:3122: $? = 1
configure: failed program was:
| /* confdefs.h.  */
| 
| #define PACKAGE_NAME ""
| #define PACKAGE_TARNAME ""
| #define PACKAGE_VERSION ""
| #define PACKAGE_STRING ""
| #define PACKAGE_BUGREPORT ""
| #define LINUX 1
| #define PCAP_TIMEOUT_IGNORED 1
| #define STDC_HEADERS 1
| #define HAVE_SYS_TYPES_H 1
| #define HAVE_SYS_STAT_H 1
| #define HAVE_STDLIB_H 1
| #define HAVE_STRING_H 1
| #define HAVE_MEMORY_H 1
| #define HAVE_STRINGS_H 1
| #define HAVE_INTTYPES_H 1
| #define HAVE_STDINT_H 1
| #define HAVE_UNISTD_H 1
| #define HAVE_STRING_H 1
| #define HAVE_GETOPT_H 1
| #define HAVE_STRINGS_H 1
| #define HAVE_MEMORY_H 1
| #define HAVE_SYS_PARAM_H 1
| #define HAVE_SYS_TIME_H 1
| #define HAVE_UNISTD_H 1
| #define HAVE_ERRNO_H 1
| #define HAVE_SYS_TYPES_H 1
| #define HAVE_SYS_SOCKET_H 1
| #define HAVE_NETINET_IN_H 1
| #define HAVE_RPC_TYPES_H 1
| #define HAVE_NETDB_H 1
| #define HAVE_PWD_H 1
| #define HAVE_ARPA_INET_H 1
| #define HAVE_SYS_RESOURCE_H 1
| #define HAVE_SYS_STAT_H 1
| #define HAVE_SYS_WAIT_H 1
| #define HAVE_NET_IF_H 1
| /* end confdefs.h.  */
| #include <stdio.h>
| #if HAVE_SYS_TYPES_H
| # include <sys/types.h>
| #endif
| #if HAVE_SYS_STAT_H
| # include <sys/stat.h>
| #endif
| #if STDC_HEADERS
| # include <stdlib.h>
| # include <stddef.h>
| #else
| # if HAVE_STDLIB_H
| #  include <stdlib.h>
| # endif
| #endif
| #if HAVE_STRING_H
| # if !STDC_HEADERS && HAVE_MEMORY_H
| #  include <memory.h>
| # endif
| # include <string.h>
| #endif
| #if HAVE_STRINGS_H
| # include <strings.h>
| #endif
| #if HAVE_INTTYPES_H
| # include <inttypes.h>
| #else
| # if HAVE_STDINT_H
| #  include <stdint.h>
| # endif
| #endif
| #if HAVE_UNISTD_H
| # include <unistd.h>
| #endif
| #include <libiberty.h>
configure:3145: result: no
configure:3149: checking libiberty.h presence
configure:3159: gcc -E  conftest.c
conftest.c:40:23: error: libiberty.h: No such file or directory
configure:3165: $? = 1
configure: failed program was:
| /* confdefs.h.  */
| 
| #define PACKAGE_NAME ""
| #define PACKAGE_TARNAME ""
| #define PACKAGE_VERSION ""
| #define PACKAGE_STRING ""
| #define PACKAGE_BUGREPORT ""
| #define LINUX 1
| #define PCAP_TIMEOUT_IGNORED 1
| #define STDC_HEADERS 1
| #define HAVE_SYS_TYPES_H 1
| #define HAVE_SYS_STAT_H 1
| #define HAVE_STDLIB_H 1
| #define HAVE_STRING_H 1
| #define HAVE_MEMORY_H 1
| #define HAVE_STRINGS_H 1
| #define HAVE_INTTYPES_H 1
| #define HAVE_STDINT_H 1
| #define HAVE_UNISTD_H 1
| #define HAVE_STRING_H 1
| #define HAVE_GETOPT_H 1
| #define HAVE_STRINGS_H 1
| #define HAVE_MEMORY_H 1
| #define HAVE_SYS_PARAM_H 1
| #define HAVE_SYS_TIME_H 1
| #define HAVE_UNISTD_H 1
| #define HAVE_ERRNO_H 1
| #define HAVE_SYS_TYPES_H 1
| #define HAVE_SYS_SOCKET_H 1
| #define HAVE_NETINET_IN_H 1
| #define HAVE_RPC_TYPES_H 1
| #define HAVE_NETDB_H 1
| #define HAVE_PWD_H 1
| #define HAVE_ARPA_INET_H 1
| #define HAVE_SYS_RESOURCE_H 1
| #define HAVE_SYS_STAT_H 1
| #define HAVE_SYS_WAIT_H 1
| #define HAVE_NET_IF_H 1
| /* end confdefs.h.  */
| #include <libiberty.h>
configure:3185: result: no
configure:3220: checking for libiberty.h
configure:3227: result: no
configure:3104: checking fcntl.h usability
configure:3116: gcc -c -g -O2 -Wall   conftest.c >&5
configure:3122: $? = 0
configure:3126: test -z 
			 || test ! -s conftest.err
configure:3129: $? = 0
configure:3132: test -s conftest.o
configure:3135: $? = 0
configure:3145: result: yes
configure:3149: checking fcntl.h presence
configure:3159: gcc -E  conftest.c
configure:3165: $? = 0
configure:3185: result: yes
configure:3220: checking for fcntl.h
configure:3227: result: yes
configure:3244: checking for net/if.h
configure:3299: result: yes
configure:3314: checking for netinet/if_ether.h
configure:3342: gcc -c -g -O2 -Wall   conftest.c >&5
configure:3348: $? = 0
configure:3352: test -z 
			 || test ! -s conftest.err
configure:3355: $? = 0
configure:3358: test -s conftest.o
configure:3361: $? = 0
configure:3372: result: yes
configure:3384: checking whether time.h and sys/time.h may both be included
configure:3409: gcc -c -g -O2 -Wall   conftest.c >&5
configure:3415: $? = 0
configure:3419: test -z 
			 || test ! -s conftest.err
configure:3422: $? = 0
configure:3425: test -s conftest.o
configure:3428: $? = 0
configure:3439: result: yes
configure:3450: checking for inline
configure:3471: gcc -c -g -O2 -Wall   conftest.c >&5
configure:3477: $? = 0
configure:3481: test -z 
			 || test ! -s conftest.err
configure:3484: $? = 0
configure:3487: test -s conftest.o
configure:3490: $? = 0
configure:3502: result: inline
configure:3528: checking for __attribute__
configure:3562: gcc -c -g -O2 -Wall   conftest.c >&5
configure:3568: $? = 0
configure:3572: test -z 
			 || test ! -s conftest.err
configure:3575: $? = 0
configure:3578: test -s conftest.o
configure:3581: $? = 0
configure:3602: result: yes
configure:3608: checking whether byte ordering is bigendian
configure:3635: gcc -c -g -O2 -Wall   conftest.c >&5
configure:3641: $? = 0
configure:3645: test -z 
			 || test ! -s conftest.err
configure:3648: $? = 0
configure:3651: test -s conftest.o
configure:3654: $? = 0
configure:3678: gcc -c -g -O2 -Wall   conftest.c >&5
conftest.c: In function 'main':
conftest.c:52: error: 'not' undeclared (first use in this function)
conftest.c:52: error: (Each undeclared identifier is reported only once
conftest.c:52: error: for each function it appears in.)
conftest.c:52: error: expected ';' before 'big'
configure:3684: $? = 1
configure: failed program was:
| /* confdefs.h.  */
| 
| #define PACKAGE_NAME ""
| #define PACKAGE_TARNAME ""
| #define PACKAGE_VERSION ""
| #define PACKAGE_STRING ""
| #define PACKAGE_BUGREPORT ""
| #define LINUX 1
| #define PCAP_TIMEOUT_IGNORED 1
| #define STDC_HEADERS 1
| #define HAVE_SYS_TYPES_H 1
| #define HAVE_SYS_STAT_H 1
| #define HAVE_STDLIB_H 1
| #define HAVE_STRING_H 1
| #define HAVE_MEMORY_H 1
| #define HAVE_STRINGS_H 1
| #define HAVE_INTTYPES_H 1
| #define HAVE_STDINT_H 1
| #define HAVE_UNISTD_H 1
| #define HAVE_STRING_H 1
| #define HAVE_GETOPT_H 1
| #define HAVE_STRINGS_H 1
| #define HAVE_MEMORY_H 1
| #define HAVE_SYS_PARAM_H 1
| #define HAVE_SYS_TIME_H 1
| #define HAVE_UNISTD_H 1
| #define HAVE_ERRNO_H 1
| #define HAVE_SYS_TYPES_H 1
| #define HAVE_SYS_SOCKET_H 1
| #define HAVE_NETINET_IN_H 1
| #define HAVE_RPC_TYPES_H 1
| #define HAVE_NETDB_H 1
| #define HAVE_PWD_H 1
| #define HAVE_ARPA_INET_H 1
| #define HAVE_SYS_RESOURCE_H 1
| #define HAVE_SYS_STAT_H 1
| #define HAVE_SYS_WAIT_H 1
| #define HAVE_NET_IF_H 1
| #define HAVE_FCNTL_H 1
| #define HAVE_NET_IF_H 1
| #define HAVE_NETINET_IF_ETHER_H 1
| #define TIME_WITH_SYS_TIME 1
| #define HAVE___ATTRIBUTE__ 1
| /* end confdefs.h.  */
| #include <sys/types.h>
| #include <sys/param.h>
| 
| int
| main ()
| {
| #if BYTE_ORDER != BIG_ENDIAN
|  not big endian
| #endif
| 
|   ;
|   return 0;
| }
configure:3819: result: no
configure:3839: checking for gethostent
configure:3896: gcc -o conftest -g -O2 -Wall    conftest.c  >&5
configure:3902: $? = 0
configure:3906: test -z 
			 || test ! -s conftest.err
configure:3909: $? = 0
configure:3912: test -s conftest
configure:3915: $? = 0
configure:3927: result: yes
configure:4008: checking for setsockopt
configure:4065: gcc -o conftest -g -O2 -Wall    conftest.c  >&5
configure:4071: $? = 0
configure:4075: test -z 
			 || test ! -s conftest.err
configure:4078: $? = 0
configure:4081: test -s conftest
configure:4084: $? = 0
configure:4096: result: yes
configure:4178: checking for char
configure:4202: gcc -c -g -O2 -Wall   conftest.c >&5
configure:4208: $? = 0
configure:4212: test -z 
			 || test ! -s conftest.err
configure:4215: $? = 0
configure:4218: test -s conftest.o
configure:4221: $? = 0
configure:4232: result: yes
configure:4235: checking size of char
configure:4554: gcc -o conftest -g -O2 -Wall    conftest.c  >&5
configure:4557: $? = 0
configure:4559: ./conftest
configure:4562: $? = 0
configure:4585: result: 1
configure:4592: checking for short
configure:4616: gcc -c -g -O2 -Wall   conftest.c >&5
configure:4622: $? = 0
configure:4626: test -z 
			 || test ! -s conftest.err
configure:4629: $? = 0
configure:4632: test -s conftest.o
configure:4635: $? = 0
configure:4646: result: yes
configure:4649: checking size of short
configure:4968: gcc -o conftest -g -O2 -Wall    conftest.c  >&5
configure:4971: $? = 0
configure:4973: ./conftest
configure:4976: $? = 0
configure:4999: result: 2
configure:5006: checking for int
configure:5030: gcc -c -g -O2 -Wall   conftest.c >&5
configure:5036: $? = 0
configure:5040: test -z 
			 || test ! -s conftest.err
configure:5043: $? = 0
configure:5046: test -s conftest.o
configure:5049: $? = 0
configure:5060: result: yes
configure:5063: checking size of int
configure:5382: gcc -o conftest -g -O2 -Wall    conftest.c  >&5
configure:5385: $? = 0
configure:5387: ./conftest
configure:5390: $? = 0
configure:5413: result: 4
configure:5420: checking for long
configure:5444: gcc -c -g -O2 -Wall   conftest.c >&5
configure:5450: $? = 0
configure:5454: test -z 
			 || test ! -s conftest.err
configure:5457: $? = 0
configure:5460: test -s conftest.o
configure:5463: $? = 0
configure:5474: result: yes
configure:5477: checking size of long
configure:5796: gcc -o conftest -g -O2 -Wall    conftest.c  >&5
configure:5799: $? = 0
configure:5801: ./conftest
configure:5804: $? = 0
configure:5827: result: 4
configure:5848: checking for bzero
configure:5905: gcc -o conftest -g -O2 -Wall    conftest.c  >&5
conftest.c:73: warning: conflicting types for built-in function 'bzero'
configure:5911: $? = 0
configure:5915: test -z 
			 || test ! -s conftest.err
configure:5918: $? = 0
configure:5921: test -s conftest
configure:5924: $? = 0
configure:5936: result: yes
configure:5848: checking for snprintf
configure:5905: gcc -o conftest -g -O2 -Wall    conftest.c  >&5
conftest.c:74: warning: conflicting types for built-in function 'snprintf'
configure:5911: $? = 0
configure:5915: test -z 
			 || test ! -s conftest.err
configure:5918: $? = 0
configure:5921: test -s conftest
configure:5924: $? = 0
configure:5936: result: yes
configure:5848: checking for vsnprintf
configure:5905: gcc -o conftest -g -O2 -Wall    conftest.c  >&5
conftest.c:75: warning: conflicting types for built-in function 'vsnprintf'
configure:5911: $? = 0
configure:5915: test -z 
			 || test ! -s conftest.err
configure:5918: $? = 0
configure:5921: test -s conftest
configure:5924: $? = 0
configure:5936: result: yes
configure:5848: checking for memcpy
configure:5905: gcc -o conftest -g -O2 -Wall    conftest.c  >&5
conftest.c:76: warning: conflicting types for built-in function 'memcpy'
configure:5911: $? = 0
configure:5915: test -z 
			 || test ! -s conftest.err
configure:5918: $? = 0
configure:5921: test -s conftest
configure:5924: $? = 0
configure:5936: result: yes
configure:5848: checking for nanosleep
configure:5905: gcc -o conftest -g -O2 -Wall    conftest.c  >&5
configure:5911: $? = 0
configure:5915: test -z 
			 || test ! -s conftest.err
configure:5918: $? = 0
configure:5921: test -s conftest
configure:5924: $? = 0
configure:5936: result: yes
configure:5848: checking for strerror
configure:5905: gcc -o conftest -g -O2 -Wall    conftest.c  >&5
configure:5911: $? = 0
configure:5915: test -z 
			 || test ! -s conftest.err
configure:5918: $? = 0
configure:5921: test -s conftest
configure:5924: $? = 0
configure:5936: result: yes
configure:5848: checking for strcasestr
configure:5905: gcc -o conftest -g -O2 -Wall    conftest.c  >&5
configure:5911: $? = 0
configure:5915: test -z 
			 || test ! -s conftest.err
configure:5918: $? = 0
configure:5921: test -s conftest
configure:5924: $? = 0
configure:5936: result: yes
configure:5848: checking for strcasecmp
configure:5905: gcc -o conftest -g -O2 -Wall    conftest.c  >&5
conftest.c:80: warning: conflicting types for built-in function 'strcasecmp'
configure:5911: $? = 0
configure:5915: test -z 
			 || test ! -s conftest.err
configure:5918: $? = 0
configure:5921: test -s conftest
configure:5924: $? = 0
configure:5936: result: yes
configure:5848: checking for strncasecmp
configure:5905: gcc -o conftest -g -O2 -Wall    conftest.c  >&5
conftest.c:81: warning: conflicting types for built-in function 'strncasecmp'
configure:5911: $? = 0
configure:5915: test -z 
			 || test ! -s conftest.err
configure:5918: $? = 0
configure:5921: test -s conftest
configure:5924: $? = 0
configure:5936: result: yes
configure:5848: checking for signal
configure:5905: gcc -o conftest -g -O2 -Wall    conftest.c  >&5
configure:5911: $? = 0
configure:5915: test -z 
			 || test ! -s conftest.err
configure:5918: $? = 0
configure:5921: test -s conftest
configure:5924: $? = 0
configure:5936: result: yes
configure:5957: checking for vsnprintf
configure:6045: result: yes
configure:5957: checking for snprintf
configure:6045: result: yes
configure:5957: checking for asprintf
configure:6014: gcc -o conftest -g -O2 -Wall    conftest.c  >&5
configure:6020: $? = 0
configure:6024: test -z 
			 || test ! -s conftest.err
configure:6027: $? = 0
configure:6030: test -s conftest
configure:6033: $? = 0
configure:6045: result: yes
configure:5957: checking for asnprintf
configure:6014: gcc -o conftest -g -O2 -Wall    conftest.c  >&5
/tmp/ccumkKsE.o: In function `main':
/home/danwent/multissh/notarycode/nmap-4.20/nbase/conftest.c:101: undefined reference to `asnprintf'
/tmp/ccumkKsE.o:(.data+0x0): undefined reference to `asnprintf'
collect2: ld returned 1 exit status
configure:6020: $? = 1
configure: failed program was:
| /* confdefs.h.  */
| 
| #define PACKAGE_NAME ""
| #define PACKAGE_TARNAME ""
| #define PACKAGE_VERSION ""
| #define PACKAGE_STRING ""
| #define PACKAGE_BUGREPORT ""
| #define LINUX 1
| #define PCAP_TIMEOUT_IGNORED 1
| #define STDC_HEADERS 1
| #define HAVE_SYS_TYPES_H 1
| #define HAVE_SYS_STAT_H 1
| #define HAVE_STDLIB_H 1
| #define HAVE_STRING_H 1
| #define HAVE_MEMORY_H 1
| #define HAVE_STRINGS_H 1
| #define HAVE_INTTYPES_H 1
| #define HAVE_STDINT_H 1
| #define HAVE_UNISTD_H 1
| #define HAVE_STRING_H 1
| #define HAVE_GETOPT_H 1
| #define HAVE_STRINGS_H 1
| #define HAVE_MEMORY_H 1
| #define HAVE_SYS_PARAM_H 1
| #define HAVE_SYS_TIME_H 1
| #define HAVE_UNISTD_H 1
| #define HAVE_ERRNO_H 1
| #define HAVE_SYS_TYPES_H 1
| #define HAVE_SYS_SOCKET_H 1
| #define HAVE_NETINET_IN_H 1
| #define HAVE_RPC_TYPES_H 1
| #define HAVE_NETDB_H 1
| #define HAVE_PWD_H 1
| #define HAVE_ARPA_INET_H 1
| #define HAVE_SYS_RESOURCE_H 1
| #define HAVE_SYS_STAT_H 1
| #define HAVE_SYS_WAIT_H 1
| #define HAVE_NET_IF_H 1
| #define HAVE_FCNTL_H 1
| #define HAVE_NET_IF_H 1
| #define HAVE_NETINET_IF_ETHER_H 1
| #define TIME_WITH_SYS_TIME 1
| #define HAVE___ATTRIBUTE__ 1
| #define SIZEOF_CHAR 1
| #define SIZEOF_SHORT 2
| #define SIZEOF_INT 4
| #define SIZEOF_LONG 4
| #define HAVE_BZERO 1
| #define HAVE_SNPRINTF 1
| #define HAVE_VSNPRINTF 1
| #define HAVE_MEMCPY 1
| #define HAVE_NANOSLEEP 1
| #define HAVE_STRERROR 1
| #define HAVE_STRCASESTR 1
| #define HAVE_STRCASECMP 1
| #define HAVE_STRNCASECMP 1
| #define HAVE_SIGNAL 1
| #define HAVE_VSNPRINTF 1
| #define HAVE_SNPRINTF 1
| #define HAVE_ASPRINTF 1
| /* end confdefs.h.  */
| /* Define asnprintf to an innocuous variant, in case <limits.h> declares asnprintf.
|    For example, HP-UX 11i <limits.h> declares gettimeofday.  */
| #define asnprintf innocuous_asnprintf
| 
| /* System header to define __stub macros and hopefully few prototypes,
|     which can conflict with char asnprintf (); below.
|     Prefer <limits.h> to <assert.h> if __STDC__ is defined, since
|     <limits.h> exists even on freestanding compilers.  */
| 
| #ifdef __STDC__
| # include <limits.h>
| #else
| # include <assert.h>
| #endif
| 
| #undef asnprintf
| 
| /* Override any gcc2 internal prototype to avoid an error.  */
| #ifdef __cplusplus
| extern "C"
| {
| #endif
| /* We use char because int might match the return type of a gcc2
|    builtin and then its argument prototype would still apply.  */
| char asnprintf ();
| /* The GNU C library defines this for functions which it implements
|     to always fail with ENOSYS.  Some functions are actually named
|     something starting with __ and the normal name is an alias.  */
| #if defined (__stub_asnprintf) || defined (__stub___asnprintf)
| choke me
| #else
| char (*f) () = asnprintf;
| #endif
| #ifdef __cplusplus
| }
| #endif
| 
| int
| main ()
| {
| return f != asnprintf;
|   ;
|   return 0;
| }
configure:6045: result: no
configure:5957: checking for vasprintf
configure:6014: gcc -o conftest -g -O2 -Wall    conftest.c  >&5
configure:6020: $? = 0
configure:6024: test -z 
			 || test ! -s conftest.err
configure:6027: $? = 0
configure:6030: test -s conftest
configure:6033: $? = 0
configure:6045: result: yes
configure:5957: checking for vasnprintf
configure:6014: gcc -o conftest -g -O2 -Wall    conftest.c  >&5
/tmp/cc4ctsqf.o: In function `main':
/home/danwent/multissh/notarycode/nmap-4.20/nbase/conftest.c:102: undefined reference to `vasnprintf'
/tmp/cc4ctsqf.o:(.data+0x0): undefined reference to `vasnprintf'
collect2: ld returned 1 exit status
configure:6020: $? = 1
configure: failed program was:
| /* confdefs.h.  */
| 
| #define PACKAGE_NAME ""
| #define PACKAGE_TARNAME ""
| #define PACKAGE_VERSION ""
| #define PACKAGE_STRING ""
| #define PACKAGE_BUGREPORT ""
| #define LINUX 1
| #define PCAP_TIMEOUT_IGNORED 1
| #define STDC_HEADERS 1
| #define HAVE_SYS_TYPES_H 1
| #define HAVE_SYS_STAT_H 1
| #define HAVE_STDLIB_H 1
| #define HAVE_STRING_H 1
| #define HAVE_MEMORY_H 1
| #define HAVE_STRINGS_H 1
| #define HAVE_INTTYPES_H 1
| #define HAVE_STDINT_H 1
| #define HAVE_UNISTD_H 1
| #define HAVE_STRING_H 1
| #define HAVE_GETOPT_H 1
| #define HAVE_STRINGS_H 1
| #define HAVE_MEMORY_H 1
| #define HAVE_SYS_PARAM_H 1
| #define HAVE_SYS_TIME_H 1
| #define HAVE_UNISTD_H 1
| #define HAVE_ERRNO_H 1
| #define HAVE_SYS_TYPES_H 1
| #define HAVE_SYS_SOCKET_H 1
| #define HAVE_NETINET_IN_H 1
| #define HAVE_RPC_TYPES_H 1
| #define HAVE_NETDB_H 1
| #define HAVE_PWD_H 1
| #define HAVE_ARPA_INET_H 1
| #define HAVE_SYS_RESOURCE_H 1
| #define HAVE_SYS_STAT_H 1
| #define HAVE_SYS_WAIT_H 1
| #define HAVE_NET_IF_H 1
| #define HAVE_FCNTL_H 1
| #define HAVE_NET_IF_H 1
| #define HAVE_NETINET_IF_ETHER_H 1
| #define TIME_WITH_SYS_TIME 1
| #define HAVE___ATTRIBUTE__ 1
| #define SIZEOF_CHAR 1
| #define SIZEOF_SHORT 2
| #define SIZEOF_INT 4
| #define SIZEOF_LONG 4
| #define HAVE_BZERO 1
| #define HAVE_SNPRINTF 1
| #define HAVE_VSNPRINTF 1
| #define HAVE_MEMCPY 1
| #define HAVE_NANOSLEEP 1
| #define HAVE_STRERROR 1
| #define HAVE_STRCASESTR 1
| #define HAVE_STRCASECMP 1
| #define HAVE_STRNCASECMP 1
| #define HAVE_SIGNAL 1
| #define HAVE_VSNPRINTF 1
| #define HAVE_SNPRINTF 1
| #define HAVE_ASPRINTF 1
| #define HAVE_VASPRINTF 1
| /* end confdefs.h.  */
| /* Define vasnprintf to an innocuous variant, in case <limits.h> declares vasnprintf.
|    For example, HP-UX 11i <limits.h> declares gettimeofday.  */
| #define vasnprintf innocuous_vasnprintf
| 
| /* System header to define __stub macros and hopefully few prototypes,
|     which can conflict with char vasnprintf (); below.
|     Prefer <limits.h> to <assert.h> if __STDC__ is defined, since
|     <limits.h> exists even on freestanding compilers.  */
| 
| #ifdef __STDC__
| # include <limits.h>
| #else
| # include <assert.h>
| #endif
| 
| #undef vasnprintf
| 
| /* Override any gcc2 internal prototype to avoid an error.  */
| #ifdef __cplusplus
| extern "C"
| {
| #endif
| /* We use char because int might match the return type of a gcc2
|    builtin and then its argument prototype would still apply.  */
| char vasnprintf ();
| /* The GNU C library defines this for functions which it implements
|     to always fail with ENOSYS.  Some functions are actually named
|     something starting with __ and the normal name is an alias.  */
| #if defined (__stub_vasnprintf) || defined (__stub___vasnprintf)
| choke me
| #else
| char (*f) () = vasnprintf;
| #endif
| #ifdef __cplusplus
| }
| #endif
| 
| int
| main ()
| {
| return f != vasnprintf;
|   ;
|   return 0;
| }
configure:6045: result: no
configure:6074: checking for usleep
configure:6131: gcc -o conftest -g -O2 -Wall    conftest.c  >&5
configure:6137: $? = 0
configure:6141: test -z 
			 || test ! -s conftest.err
configure:6144: $? = 0
configure:6147: test -s conftest
configure:6150: $? = 0
configure:6162: result: yes
configure:6074: checking for gettimeofday
configure:6131: gcc -o conftest -g -O2 -Wall    conftest.c  >&5
configure:6137: $? = 0
configure:6141: test -z 
			 || test ! -s conftest.err
configure:6144: $? = 0
configure:6147: test -s conftest
configure:6150: $? = 0
configure:6162: result: yes
configure:6074: checking for sleep
configure:6131: gcc -o conftest -g -O2 -Wall    conftest.c  >&5
configure:6137: $? = 0
configure:6141: test -z 
			 || test ! -s conftest.err
configure:6144: $? = 0
configure:6147: test -s conftest
configure:6150: $? = 0
configure:6162: result: yes
configure:6182: checking for getopt_long_only
configure:6239: gcc -o conftest -g -O2 -Wall    conftest.c  >&5
configure:6245: $? = 0
configure:6249: test -z 
			 || test ! -s conftest.err
configure:6252: $? = 0
configure:6255: test -s conftest
configure:6258: $? = 0
configure:6270: result: yes
configure:6299: checking for strcasecmp
configure:6387: result: yes
configure:6299: checking for strncasecmp
configure:6387: result: yes
configure:6442: checking openssl/ssl.h usability
configure:6454: gcc -c -g -O2 -Wall   conftest.c >&5
configure:6460: $? = 0
configure:6464: test -z 
			 || test ! -s conftest.err
configure:6467: $? = 0
configure:6470: test -s conftest.o
configure:6473: $? = 0
configure:6483: result: yes
configure:6487: checking openssl/ssl.h presence
configure:6497: gcc -E  conftest.c
configure:6503: $? = 0
configure:6523: result: yes
configure:6558: checking for openssl/ssl.h
configure:6565: result: yes
configure:6592: checking openssl/err.h usability
configure:6604: gcc -c -g -O2 -Wall   conftest.c >&5
configure:6610: $? = 0
configure:6614: test -z 
			 || test ! -s conftest.err
configure:6617: $? = 0
configure:6620: test -s conftest.o
configure:6623: $? = 0
configure:6633: result: yes
configure:6637: checking openssl/err.h presence
configure:6647: gcc -E  conftest.c
configure:6653: $? = 0
configure:6673: result: yes
configure:6708: checking for openssl/err.h
configure:6715: result: yes
configure:6743: checking openssl/rand.h usability
configure:6755: gcc -c -g -O2 -Wall   conftest.c >&5
configure:6761: $? = 0
configure:6765: test -z 
			 || test ! -s conftest.err
configure:6768: $? = 0
configure:6771: test -s conftest.o
configure:6774: $? = 0
configure:6784: result: yes
configure:6788: checking openssl/rand.h presence
configure:6798: gcc -E  conftest.c
configure:6804: $? = 0
configure:6824: result: yes
configure:6859: checking for openssl/rand.h
configure:6866: result: yes
configure:6885: checking for BIO_int_ctrl in -lcrypto
configure:6915: gcc -o conftest -g -O2 -Wall    conftest.c -lcrypto   >&5
configure:6921: $? = 0
configure:6925: test -z 
			 || test ! -s conftest.err
configure:6928: $? = 0
configure:6931: test -s conftest
configure:6934: $? = 0
configure:6947: result: yes
configure:6966: checking for SSL_new in -lssl
configure:6996: gcc -o conftest -g -O2 -Wall    conftest.c -lssl  -lcrypto  >&5
configure:7002: $? = 0
configure:7006: test -z 
			 || test ! -s conftest.err
configure:7009: $? = 0
configure:7012: test -s conftest
configure:7015: $? = 0
configure:7028: result: yes
configure:7101: checking for library containing getaddrinfo
configure:7131: gcc -o conftest -g -O2 -Wall    conftest.c -lssl -lcrypto  >&5
configure:7137: $? = 0
configure:7141: test -z 
			 || test ! -s conftest.err
configure:7144: $? = 0
configure:7147: test -s conftest
configure:7150: $? = 0
configure:7220: result: none required
configure:7227: checking for library containing gai_strerror
configure:7257: gcc -o conftest -g -O2 -Wall    conftest.c -lssl -lcrypto  >&5
configure:7263: $? = 0
configure:7267: test -z 
			 || test ! -s conftest.err
configure:7270: $? = 0
configure:7273: test -s conftest
configure:7276: $? = 0
configure:7346: result: none required
configure:7353: checking for library containing getnameinfo
configure:7383: gcc -o conftest -g -O2 -Wall    conftest.c -lssl -lcrypto  >&5
configure:7389: $? = 0
configure:7393: test -z 
			 || test ! -s conftest.err
configure:7396: $? = 0
configure:7399: test -s conftest
configure:7402: $? = 0
configure:7472: result: none required
configure:7483: checking for gai_strerror
configure:7540: gcc -o conftest -g -O2 -Wall    conftest.c -lssl -lcrypto  >&5
configure:7546: $? = 0
configure:7550: test -z 
			 || test ! -s conftest.err
configure:7553: $? = 0
configure:7556: test -s conftest
configure:7559: $? = 0
configure:7571: result: yes
configure:7586: checking for inet_ntop
configure:7643: gcc -o conftest -g -O2 -Wall    conftest.c -lssl -lcrypto  >&5
configure:7649: $? = 0
configure:7653: test -z 
			 || test ! -s conftest.err
configure:7656: $? = 0
configure:7659: test -s conftest
configure:7662: $? = 0
configure:7674: result: yes
configure:7586: checking for inet_pton
configure:7643: gcc -o conftest -g -O2 -Wall    conftest.c -lssl -lcrypto  >&5
configure:7649: $? = 0
configure:7653: test -z 
			 || test ! -s conftest.err
configure:7656: $? = 0
configure:7659: test -s conftest
configure:7662: $? = 0
configure:7674: result: yes
configure:7695: checking for working getaddrinfo
configure:7745: gcc -o conftest -g -O2 -Wall    conftest.c -lssl -lcrypto  >&5
conftest.c:88: warning: return type of 'main' is not 'int'
conftest.c: In function 'main':
conftest.c:97: warning: implicit declaration of function 'exit'
conftest.c:97: warning: incompatible implicit declaration of built-in function 'exit'
conftest.c:100: warning: incompatible implicit declaration of built-in function 'exit'
conftest.c:102: warning: incompatible implicit declaration of built-in function 'exit'
configure:7748: $? = 0
configure:7750: ./conftest
configure:7753: $? = 0
configure:7771: result: yes
configure:7786: checking for working getnameinfo
configure:7844: gcc -o conftest -g -O2 -Wall    conftest.c -lssl -lcrypto  >&5
conftest.c:92: warning: return type of 'main' is not 'int'
conftest.c: In function 'main':
conftest.c:99: warning: implicit declaration of function 'inet_addr'
conftest.c:108: warning: implicit declaration of function 'exit'
conftest.c:108: warning: incompatible implicit declaration of built-in function 'exit'
conftest.c:110: warning: incompatible implicit declaration of built-in function 'exit'
configure:7847: $? = 0
configure:7849: ./conftest
configure:7852: $? = 0
configure:7870: result: yes
configure:7881: checking for sockaddr_in6
configure:7912: gcc -c -g -O2 -Wall   conftest.c >&5
conftest.c: In function 'main':
conftest.c:88: warning: unused variable 'sa'
configure:7918: $? = 0
configure:7922: test -z 
			 || test ! -s conftest.err
configure:7925: $? = 0
configure:7928: test -s conftest.o
configure:7931: $? = 0
configure:7947: result: yes
configure:7961: checking for sockaddr_storage
configure:7995: gcc -c -g -O2 -Wall   conftest.c >&5
conftest.c: In function 'main':
conftest.c:92: warning: unused variable 'sa'
configure:8001: $? = 0
configure:8005: test -z 
			 || test ! -s conftest.err
configure:8008: $? = 0
configure:8011: test -s conftest.o
configure:8014: $? = 0
configure:8030: result: yes
configure:8044: checking for AF_INET6 definition
configure:8078: gcc -c -g -O2 -Wall   conftest.c >&5
conftest.c: In function 'main':
conftest.c:93: warning: unused variable 'af'
configure:8084: $? = 0
configure:8088: test -z 
			 || test ! -s conftest.err
configure:8091: $? = 0
configure:8094: test -s conftest.o
configure:8097: $? = 0
configure:8113: result: yes
configure:8127: checking for IPv6 support
configure:8138: result: yes
configure:8279: creating ./config.status

## ---------------------- ##
## Running config.status. ##
## ---------------------- ##

This file was extended by config.status, which was
generated by GNU Autoconf 2.59.  Invocation command line was

  CONFIG_FILES    = 
  CONFIG_HEADERS  = 
  CONFIG_LINKS    = 
  CONFIG_COMMANDS = 
  $ ./config.status 

on ssh-key-research-project.ece.cmu.edu

config.status:653: creating Makefile
config.status:756: creating nbase_config.h

## ---------------- ##
## Cache variables. ##
## ---------------- ##

ac_cv___attribute__=yes
ac_cv_build=i686-pc-linux-gnu
ac_cv_build_alias=i686-pc-linux-gnu
ac_cv_c_bigendian=no
ac_cv_c_compiler_gnu=yes
ac_cv_c_inline=inline
ac_cv_define_af_inet6=yes
ac_cv_define_sockaddr_in6=yes
ac_cv_define_sockaddr_storage=yes
ac_cv_env_CC_set=
ac_cv_env_CC_value=
ac_cv_env_CFLAGS_set=
ac_cv_env_CFLAGS_value=
ac_cv_env_CPPFLAGS_set=
ac_cv_env_CPPFLAGS_value=
ac_cv_env_CPP_set=
ac_cv_env_CPP_value=
ac_cv_env_LDFLAGS_set=
ac_cv_env_LDFLAGS_value=
ac_cv_env_build_alias_set=
ac_cv_env_build_alias_value=
ac_cv_env_host_alias_set=
ac_cv_env_host_alias_value=
ac_cv_env_target_alias_set=
ac_cv_env_target_alias_value=
ac_cv_exeext=
ac_cv_func_asnprintf=no
ac_cv_func_asprintf=yes
ac_cv_func_bzero=yes
ac_cv_func_gai_strerror=yes
ac_cv_func_gethostent=yes
ac_cv_func_getopt_long_only=yes
ac_cv_func_gettimeofday=yes
ac_cv_func_inet_ntop=yes
ac_cv_func_inet_pton=yes
ac_cv_func_memcpy=yes
ac_cv_func_nanosleep=yes
ac_cv_func_setsockopt=yes
ac_cv_func_signal=yes
ac_cv_func_sleep=yes
ac_cv_func_snprintf=yes
ac_cv_func_strcasecmp=yes
ac_cv_func_strcasestr=yes
ac_cv_func_strerror=yes
ac_cv_func_strncasecmp=yes
ac_cv_func_usleep=yes
ac_cv_func_vasnprintf=no
ac_cv_func_vasprintf=yes
ac_cv_func_vsnprintf=yes
ac_cv_header_arpa_inet_h=yes
ac_cv_header_bstring_h=no
ac_cv_header_errno_h=yes
ac_cv_header_fcntl_h=yes
ac_cv_header_getopt_h=yes
ac_cv_header_inttypes_h=yes
ac_cv_header_libiberty_h=no
ac_cv_header_memory_h=yes
ac_cv_header_net_if_h=yes
ac_cv_header_netdb_h=yes
ac_cv_header_netinet_if_ether_h=yes
ac_cv_header_netinet_in_h=yes
ac_cv_header_openssl_err_h=yes
ac_cv_header_openssl_rand_h=yes
ac_cv_header_openssl_ssl_h=yes
ac_cv_header_pwd_h=yes
ac_cv_header_rpc_types_h=yes
ac_cv_header_stdc=yes
ac_cv_header_stdint_h=yes
ac_cv_header_stdlib_h=yes
ac_cv_header_string_h=yes
ac_cv_header_strings_h=yes
ac_cv_header_sys_param_h=yes
ac_cv_header_sys_resource_h=yes
ac_cv_header_sys_socket_h=yes
ac_cv_header_sys_sockio_h=no
ac_cv_header_sys_stat_h=yes
ac_cv_header_sys_time_h=yes
ac_cv_header_sys_types_h=yes
ac_cv_header_sys_wait_h=yes
ac_cv_header_time=yes
ac_cv_header_unistd_h=yes
ac_cv_host=i686-pc-linux-gnu
ac_cv_host_alias=i686-pc-linux-gnu
ac_cv_lib_crypto_BIO_int_ctrl=yes
ac_cv_lib_ssl_SSL_new=yes
ac_cv_objext=o
ac_cv_prog_CPP='gcc -E'
ac_cv_prog_ac_ct_CC=gcc
ac_cv_prog_ac_ct_RANLIB=ranlib
ac_cv_prog_cc_g=yes
ac_cv_prog_cc_stdc=
ac_cv_prog_egrep='grep -E'
ac_cv_search_gai_strerror='none required'
ac_cv_search_getaddrinfo='none required'
ac_cv_search_getnameinfo='none required'
ac_cv_sizeof_char=1
ac_cv_sizeof_int=4
ac_cv_sizeof_long=4
ac_cv_sizeof_short=2
ac_cv_type_char=yes
ac_cv_type_int=yes
ac_cv_type_long=yes
ac_cv_type_short=yes
ac_cv_working_getaddrinfo=yes
ac_cv_working_getnameinfo=yes

## ----------------- ##
## Output variables. ##
## ----------------- ##

CC='gcc'
CFLAGS='-g -O2 -Wall '
COMPAT_OBJS=''
COMPAT_SRCS=''
CPP='gcc -E'
CPPFLAGS=''
DEFS='-DHAVE_CONFIG_H'
ECHO_C=''
ECHO_N='-n'
ECHO_T=''
EGREP='grep -E'
EXEEXT=''
LDFLAGS=''
LIBOBJS=' snprintf$U.o nbase_str$U.o nbase_misc$U.o nbase_memalloc$U.o nbase_rnd$U.o'
LIBS='-lssl -lcrypto '
LTLIBOBJS=' snprintf$U.lo nbase_str$U.lo nbase_misc$U.lo nbase_memalloc$U.lo nbase_rnd$U.lo'
OBJEXT='o'
PACKAGE_BUGREPORT=''
PACKAGE_NAME=''
PACKAGE_STRING=''
PACKAGE_TARNAME=''
PACKAGE_VERSION=''
PATH_SEPARATOR=':'
RANLIB='ranlib'
SHELL='/bin/bash'
ac_ct_CC='gcc'
ac_ct_RANLIB='ranlib'
bindir='${exec_prefix}/bin'
build='i686-pc-linux-gnu'
build_alias=''
build_cpu='i686'
build_os='linux-gnu'
build_vendor='pc'
datadir='${prefix}/share'
exec_prefix='${prefix}'
host='i686-pc-linux-gnu'
host_alias=''
host_cpu='i686'
host_os='linux-gnu'
host_vendor='pc'
includedir='${prefix}/include'
infodir='${prefix}/info'
libdir='${exec_prefix}/lib'
libexecdir='${exec_prefix}/libexec'
localstatedir='${prefix}/var'
mandir='${prefix}/man'
oldincludedir='/usr/include'
prefix='/usr/local'
program_transform_name='s,x,x,'
sbindir='${exec_prefix}/sbin'
sharedstatedir='${prefix}/com'
sysconfdir='${prefix}/etc'
target_alias=''

## ----------- ##
## confdefs.h. ##
## ----------- ##

#define HAVE_AF_INET6 1
#define HAVE_ARPA_INET_H 1
#define HAVE_ASPRINTF 1
#define HAVE_BZERO 1
#define HAVE_ERRNO_H 1
#define HAVE_FCNTL_H 1
#define HAVE_GAI_STRERROR 1
#define HAVE_GETADDRINFO 1
#define HAVE_GETNAMEINFO 1
#define HAVE_GETOPT_H 1
#define HAVE_GETTIMEOFDAY 1
#define HAVE_INET_NTOP 1
#define HAVE_INET_PTON 1
#define HAVE_INTTYPES_H 1
#define HAVE_IPV6 1
#define HAVE_LIBCRYPTO 1
#define HAVE_LIBSSL 1
#define HAVE_MEMCPY 1
#define HAVE_MEMORY_H 1
#define HAVE_MEMORY_H 1
#define HAVE_NANOSLEEP 1
#define HAVE_NETDB_H 1
#define HAVE_NETINET_IF_ETHER_H 1
#define HAVE_NETINET_IN_H 1
#define HAVE_NET_IF_H 1
#define HAVE_NET_IF_H 1
#define HAVE_OPENSSL 1
#define HAVE_PWD_H 1
#define HAVE_RPC_TYPES_H 1
#define HAVE_SIGNAL 1
#define HAVE_SLEEP 1
#define HAVE_SNPRINTF 1
#define HAVE_SNPRINTF 1
#define HAVE_SOCKADDR_IN6 1
#define HAVE_SOCKADDR_STORAGE 1
#define HAVE_STDINT_H 1
#define HAVE_STDLIB_H 1
#define HAVE_STRCASECMP 1
#define HAVE_STRCASECMP 1
#define HAVE_STRCASESTR 1
#define HAVE_STRERROR 1
#define HAVE_STRINGS_H 1
#define HAVE_STRINGS_H 1
#define HAVE_STRING_H 1
#define HAVE_STRING_H 1
#define HAVE_STRNCASECMP 1
#define HAVE_STRNCASECMP 1
#define HAVE_SYS_PARAM_H 1
#define HAVE_SYS_RESOURCE_H 1
#define HAVE_SYS_SOCKET_H 1
#define HAVE_SYS_STAT_H 1
#define HAVE_SYS_STAT_H 1
#define HAVE_SYS_TIME_H 1
#define HAVE_SYS_TYPES_H 1
#define HAVE_SYS_TYPES_H 1
#define HAVE_SYS_WAIT_H 1
#define HAVE_UNISTD_H 1
#define HAVE_UNISTD_H 1
#define HAVE_USLEEP 1
#define HAVE_VASPRINTF 1
#define HAVE_VSNPRINTF 1
#define HAVE_VSNPRINTF 1
#define HAVE___ATTRIBUTE__ 1
#define LINUX 1
#define PACKAGE_BUGREPORT ""
#define PACKAGE_NAME ""
#define PACKAGE_STRING ""
#define PACKAGE_TARNAME ""
#define PACKAGE_VERSION ""
#define PCAP_TIMEOUT_IGNORED 1
#define SIZEOF_CHAR 1
#define SIZEOF_INT 4
#define SIZEOF_LONG 4
#define SIZEOF_SHORT 2
#define STDC_HEADERS 1
#define TIME_WITH_SYS_TIME 1

configure: exit 0
